2021-10-22 15:55:52,402 - internetarchive.session - DEBUG - no metadata provided for "all-my-favorite-songs-001-weezer", retrieving now.
2021-10-22 15:55:52,414 - urllib3.connectionpool - DEBUG - Starting new HTTPS connection (1): archive.org:443
2021-10-22 15:55:53,127 - urllib3.connectionpool - DEBUG - https://archive.org:443 "GET /metadata/all-my-favorite-songs-001-weezer HTTP/1.1" 200 None
2021-10-22 15:55:53,131 - internetarchive.iarequest - DEBUG - submitting metadata request: {'-patch': '[{"op": "replace", "path": "/collection", "value": "opensource_audio"}, {"op": "replace", "path": "/artist", "value": "Neil Young, REO Speedwagon, Johnny Cash, Toni Braxton, Yeah Yeah Yeahs, C\\u00e9line Dion, Sin\\u00e9ad O\'Connor"}, {"op": "replace", "path": "/description", "value": "Weezer is an American rock band formed in Los Angeles, California, in 1992. Since 2001, the band has consisted of Rivers Cuomo (lead vocals, lead guitar, keyboards), Patrick Wilson (drums, percussion, backing vocals), Brian Bell (guitar, backing vocals, keyboards), and Scott Shriner (bass, backing vocals, keyboards).&lt;br /&gt; &lt;br /&gt; &lt;br /&gt; &lt;br /&gt;Lineup: Neil Young, REO Speedwagon, Johnny Cash, Toni Braxton, Yeah Yeah Yeahs, C\\u00e9line Dion, Sin\\u00e9ad O&#39;Connor&lt;br /&gt; &lt;br /&gt; &lt;br /&gt; &lt;br /&gt;Support us: &lt;a href=&quot;http://allmyfavoritesongs.com&quot;&gt;allmyfavoritesongs.com&lt;/a&gt; "}]', '-target': 'metadata', 'priority': -5}
2021-10-22 15:55:53,134 - urllib3.connectionpool - DEBUG - Resetting dropped connection: archive.org
2021-10-22 15:55:53,900 - urllib3.connectionpool - DEBUG - https://archive.org:443 "POST /metadata/all-my-favorite-songs-001-weezer HTTP/1.1" 400 None
2021-10-22 15:55:53,908 - urllib3.connectionpool - DEBUG - Resetting dropped connection: archive.org
2021-10-22 15:55:54,607 - urllib3.connectionpool - DEBUG - https://archive.org:443 "GET /metadata/all-my-favorite-songs-001-weezer HTTP/1.1" 200 None
2021-10-22 15:56:49,942 - internetarchive.session - DEBUG - no metadata provided for "all-my-favorite-songs-001-weezer", retrieving now.
2021-10-22 15:56:49,955 - urllib3.connectionpool - DEBUG - Starting new HTTPS connection (1): archive.org:443
2021-10-22 15:56:50,639 - urllib3.connectionpool - DEBUG - https://archive.org:443 "GET /metadata/all-my-favorite-songs-001-weezer HTTP/1.1" 200 None
2021-10-22 15:56:50,643 - internetarchive.iarequest - DEBUG - submitting metadata request: {'-patch': '[{"op": "replace", "path": "/collection", "value": "opensource_audio"}, {"op": "replace", "path": "/artist", "value": "Neil Young, REO Speedwagon, Johnny Cash, Toni Braxton, Yeah Yeah Yeahs, C\\u00e9line Dion, Sin\\u00e9ad O\'Connor"}, {"op": "replace", "path": "/description", "value": "Weezer is an American rock band formed in Los Angeles, California, in 1992. Since 2001, the band has consisted of Rivers Cuomo (lead vocals, lead guitar, keyboards), Patrick Wilson (drums, percussion, backing vocals), Brian Bell (guitar, backing vocals, keyboards), and Scott Shriner (bass, backing vocals, keyboards).&lt;br /&gt; &lt;br /&gt; &lt;br /&gt; &lt;br /&gt;Lineup: Neil Young, REO Speedwagon, Johnny Cash, Toni Braxton, Yeah Yeah Yeahs, C\\u00e9line Dion, Sin\\u00e9ad O&#39;Connor&lt;br /&gt; &lt;br /&gt; &lt;br /&gt; &lt;br /&gt;Support us: &lt;a href=&quot;http://allmyfavoritesongs.com&quot;&gt;allmyfavoritesongs.com&lt;/a&gt; "}]', '-target': 'metadata', 'priority': -5}
2021-10-22 15:56:50,646 - urllib3.connectionpool - DEBUG - Resetting dropped connection: archive.org
2021-10-22 15:56:51,564 - urllib3.connectionpool - DEBUG - https://archive.org:443 "POST /metadata/all-my-favorite-songs-001-weezer HTTP/1.1" 400 None
2021-10-22 15:56:51,571 - urllib3.connectionpool - DEBUG - Resetting dropped connection: archive.org
2021-10-22 15:56:52,323 - urllib3.connectionpool - DEBUG - https://archive.org:443 "GET /metadata/all-my-favorite-songs-001-weezer HTTP/1.1" 200 None
2021-10-22 15:57:48,483 - internetarchive.session - DEBUG - no metadata provided for "all-my-favorite-songs-001-weezer", retrieving now.
2021-10-22 15:57:48,496 - urllib3.connectionpool - DEBUG - Starting new HTTPS connection (1): archive.org:443
2021-10-22 15:57:49,215 - urllib3.connectionpool - DEBUG - https://archive.org:443 "GET /metadata/all-my-favorite-songs-001-weezer HTTP/1.1" 200 None
2021-10-22 15:57:49,219 - internetarchive.iarequest - DEBUG - submitting metadata request: {'-patch': '[{"op": "replace", "path": "/description", "value": "Weezer is an American rock band formed in Los Angeles, California, in 1992. Since 2001, the band has consisted of Rivers Cuomo (lead vocals, lead guitar, keyboards), Patrick Wilson (drums, percussion, backing vocals), Brian Bell (guitar, backing vocals, keyboards), and Scott Shriner (bass, backing vocals, keyboards).&lt;br /&gt; &lt;br /&gt;&lt;br /&gt; &lt;br /&gt;Lineup:&lt;br /&gt; Neil Young, REO Speedwagon, Johnny Cash, Toni Braxton, Yeah Yeah Yeahs, C\\u00e9line Dion, Sin\\u00e9ad O&#39;Connor "}, {"op": "replace", "path": "/collection", "value": "opensource_audio"}, {"op": "replace", "path": "/artist", "value": "Neil Young, REO Speedwagon, Johnny Cash, Toni Braxton, Yeah Yeah Yeahs, C\\u00e9line Dion, Sin\\u00e9ad O\'Connor"}]', '-target': 'metadata', 'priority': -5}
2021-10-22 15:57:49,222 - urllib3.connectionpool - DEBUG - Resetting dropped connection: archive.org
2021-10-22 15:57:49,992 - urllib3.connectionpool - DEBUG - https://archive.org:443 "POST /metadata/all-my-favorite-songs-001-weezer HTTP/1.1" 400 None
2021-10-22 15:57:49,999 - urllib3.connectionpool - DEBUG - Resetting dropped connection: archive.org
2021-10-22 15:57:50,686 - urllib3.connectionpool - DEBUG - https://archive.org:443 "GET /metadata/all-my-favorite-songs-001-weezer HTTP/1.1" 200 None
2021-10-22 16:00:39,785 - internetarchive.session - DEBUG - no metadata provided for "all-my-favorite-songs-001-weezer", retrieving now.
2021-10-22 16:00:39,828 - urllib3.connectionpool - DEBUG - Starting new HTTPS connection (1): archive.org:443
2021-10-22 16:00:40,528 - urllib3.connectionpool - DEBUG - https://archive.org:443 "GET /metadata/all-my-favorite-songs-001-weezer HTTP/1.1" 200 None
2021-10-22 16:00:40,532 - internetarchive.iarequest - DEBUG - submitting metadata request: {'-patch': '[{"op": "replace", "path": "/artist", "value": "Neil Young, REO Speedwagon, Johnny Cash, Toni Braxton, Yeah Yeah Yeahs, C\\u00e9line Dion, Sin\\u00e9ad O\'Connor"}, {"op": "replace", "path": "/description", "value": "Weezer is an American rock band formed in Los Angeles, California, in 1992. Since 2001, the band has consisted of Rivers Cuomo (lead vocals, lead guitar, keyboards), Patrick Wilson (drums, percussion, backing vocals), Brian Bell (guitar, backing vocals, keyboards), and Scott Shriner (bass, backing vocals, keyboards).&lt;br /&gt; &lt;br /&gt;&lt;br /&gt; &lt;br /&gt;Lineup:&lt;br /&gt; Neil Young, REO Speedwagon, Johnny Cash, Toni Braxton, Yeah Yeah Yeahs, C\\u00e9line Dion, Sin\\u00e9ad O&#39;Connor "}]', '-target': 'metadata', 'priority': -5}
2021-10-22 16:00:40,535 - urllib3.connectionpool - DEBUG - Resetting dropped connection: archive.org
2021-10-22 16:00:41,310 - urllib3.connectionpool - DEBUG - https://archive.org:443 "POST /metadata/all-my-favorite-songs-001-weezer HTTP/1.1" 200 None
2021-10-22 16:00:41,317 - urllib3.connectionpool - DEBUG - Resetting dropped connection: archive.org
2021-10-22 16:00:42,024 - urllib3.connectionpool - DEBUG - https://archive.org:443 "GET /metadata/all-my-favorite-songs-001-weezer HTTP/1.1" 200 None
2021-10-22 16:04:43,641 - internetarchive.session - DEBUG - no metadata provided for "all-my-favorite-songs-001-weezer", retrieving now.
2021-10-22 16:04:43,681 - urllib3.connectionpool - DEBUG - Starting new HTTPS connection (1): archive.org:443
2021-10-22 16:04:44,394 - urllib3.connectionpool - DEBUG - https://archive.org:443 "GET /metadata/all-my-favorite-songs-001-weezer HTTP/1.1" 200 None
2021-10-22 16:05:05,269 - internetarchive.session - DEBUG - no metadata provided for "all-my-favorite-songs-001-weezer", retrieving now.
2021-10-22 16:05:05,308 - urllib3.connectionpool - DEBUG - Starting new HTTPS connection (1): archive.org:443
2021-10-22 16:05:06,005 - urllib3.connectionpool - DEBUG - https://archive.org:443 "GET /metadata/all-my-favorite-songs-001-weezer HTTP/1.1" 200 None
2021-10-22 16:05:06,009 - internetarchive.iarequest - DEBUG - submitting metadata request: {'-patch': '[]', '-target': 'metadata', 'priority': -5}
2021-10-22 16:05:06,012 - urllib3.connectionpool - DEBUG - Resetting dropped connection: archive.org
2021-10-22 16:05:06,803 - urllib3.connectionpool - DEBUG - https://archive.org:443 "POST /metadata/all-my-favorite-songs-001-weezer HTTP/1.1" 400 None
2021-10-22 16:05:06,811 - urllib3.connectionpool - DEBUG - Resetting dropped connection: archive.org
2021-10-22 16:05:07,515 - urllib3.connectionpool - DEBUG - https://archive.org:443 "GET /metadata/all-my-favorite-songs-001-weezer HTTP/1.1" 200 None
2021-10-22 16:05:40,173 - internetarchive.session - DEBUG - no metadata provided for "all-my-favorite-songs-002-dinosaur-jr", retrieving now.
2021-10-22 16:05:40,185 - urllib3.connectionpool - DEBUG - Starting new HTTPS connection (1): archive.org:443
2021-10-22 16:05:46,047 - internetarchive.session - DEBUG - no metadata provided for "all-my-favorite-songs-002-dinosaur-jr", retrieving now.
2021-10-22 16:05:46,059 - urllib3.connectionpool - DEBUG - Starting new HTTPS connection (1): archive.org:443
2021-10-22 16:05:47,207 - urllib3.connectionpool - DEBUG - https://archive.org:443 "GET /metadata/all-my-favorite-songs-002-dinosaur-jr HTTP/1.1" 200 None
2021-10-22 16:05:47,210 - internetarchive.iarequest - DEBUG - submitting metadata request: {'-patch': '[{"op": "replace", "path": "/description", "value": "Dinosaur Jr. is an American rock band formed in Amherst, Massachusetts, in 1984, originally simply called Dinosaur until legal issues forced a change in name. The band was founded by J Mascis (guitar, vocals, primary songwriter), Lou Barlow (bass, vocals), and Murph (drums). After three albums on independent labels, the band earned a reputation as one of the formative influences on American alternative rock. Mascis&#39;s drawling vocals and distinct guitar sound, hearkening back to 1960s and 1970s classic rock and characterized by extensive use of feedback and distortion, were highly influential in the alternative rock movement of the 1990s.&lt;br /&gt; &lt;br /&gt; &lt;br /&gt; &lt;br /&gt;Lineup: Wipers, The Dream Syndicate, True West, The Jesus and Mary Chain, The Birthday Party, Throbbing Gristle, Venom, Accept, Saint Vitus, The Eastern Dark, The Neats, Green On Red, Meat Puppets&lt;br /&gt; &lt;br /&gt; &lt;br /&gt; &lt;br /&gt;Support us: &lt;a href=&quot;http://allmyfavoritesongs.com&quot;&gt;allmyfavoritesongs.com&lt;/a&gt; "}, {"op": "replace", "path": "/artist", "value": "Wipers, The Dream Syndicate, True West, The Jesus and Mary Chain, The Birthday Party, Throbbing Gristle, Venom, Accept, Saint Vitus, The Eastern Dark, The Neats, Green On Red, Meat Puppets"}, {"op": "replace", "path": "/date", "value": "2021-10-20"}]', '-target': 'metadata', 'priority': -5}
2021-10-22 16:05:47,213 - urllib3.connectionpool - DEBUG - Resetting dropped connection: archive.org
2021-10-22 16:05:50,525 - urllib3.connectionpool - DEBUG - https://archive.org:443 "POST /metadata/all-my-favorite-songs-002-dinosaur-jr HTTP/1.1" 200 None
2021-10-22 16:05:50,531 - urllib3.connectionpool - DEBUG - Resetting dropped connection: archive.org
2021-10-22 16:05:51,242 - urllib3.connectionpool - DEBUG - https://archive.org:443 "GET /metadata/all-my-favorite-songs-002-dinosaur-jr HTTP/1.1" 200 None
2021-10-22 16:07:55,688 - internetarchive.session - DEBUG - no metadata provided for "all-my-favorite-songs-001-weezer", retrieving now.
2021-10-22 16:07:55,700 - urllib3.connectionpool - DEBUG - Starting new HTTPS connection (1): archive.org:443
2021-10-22 16:07:56,456 - urllib3.connectionpool - DEBUG - https://archive.org:443 "GET /metadata/all-my-favorite-songs-001-weezer HTTP/1.1" 200 None
2021-10-22 16:07:56,459 - internetarchive.iarequest - DEBUG - submitting metadata request: {'-patch': '[{"op": "replace", "path": "/description", "value": "Weezer is an American rock band formed in Los Angeles, California, in 1992. Since 2001, the band has consisted of Rivers Cuomo (lead vocals, lead guitar, keyboards), Patrick Wilson (drums, percussion, backing vocals), Brian Bell (guitar, backing vocals, keyboards), and Scott Shriner (bass, backing vocals, keyboards).&lt;br /&gt; &lt;br /&gt;&lt;br /&gt; &lt;br /&gt;Lineup:&lt;br /&gt; Neil Young, REO Speedwagon, Johnny Cash, Toni Braxton, Yeah Yeah Yeahs, C\\u00e9line Dion, Sin\\u00e9ad O&#39;Connor"}]', '-target': 'metadata', 'priority': -5}
2021-10-22 16:07:56,462 - urllib3.connectionpool - DEBUG - Resetting dropped connection: archive.org
2021-10-22 16:07:57,288 - urllib3.connectionpool - DEBUG - https://archive.org:443 "POST /metadata/all-my-favorite-songs-001-weezer HTTP/1.1" 200 None
2021-10-22 16:07:57,294 - urllib3.connectionpool - DEBUG - Resetting dropped connection: archive.org
2021-10-22 16:07:58,005 - urllib3.connectionpool - DEBUG - https://archive.org:443 "GET /metadata/all-my-favorite-songs-001-weezer HTTP/1.1" 200 None
2021-10-22 16:08:03,648 - internetarchive.session - DEBUG - no metadata provided for "all-my-favorite-songs-002-dinosaur-jr", retrieving now.
2021-10-22 16:08:03,660 - urllib3.connectionpool - DEBUG - Starting new HTTPS connection (1): archive.org:443
2021-10-22 16:08:04,318 - urllib3.connectionpool - DEBUG - https://archive.org:443 "GET /metadata/all-my-favorite-songs-002-dinosaur-jr HTTP/1.1" 200 None
2021-10-22 16:08:04,322 - internetarchive.iarequest - DEBUG - submitting metadata request: {'-patch': '[{"op": "replace", "path": "/description", "value": "Dinosaur Jr. is an American rock band formed in Amherst, Massachusetts, in 1984, originally simply called Dinosaur until legal issues forced a change in name. The band was founded by J Mascis (guitar, vocals, primary songwriter), Lou Barlow (bass, vocals), and Murph (drums). After three albums on independent labels, the band earned a reputation as one of the formative influences on American alternative rock. Mascis&#39;s drawling vocals and distinct guitar sound, hearkening back to 1960s and 1970s classic rock and characterized by extensive use of feedback and distortion, were highly influential in the alternative rock movement of the 1990s.&lt;br /&gt; &lt;br /&gt; &lt;br /&gt; &lt;br /&gt;Lineup: Wipers, The Dream Syndicate, True West, The Jesus and Mary Chain, The Birthday Party, Throbbing Gristle, Venom, Accept, Saint Vitus, The Eastern Dark, The Neats, Green On Red, Meat Puppets&lt;br /&gt; &lt;br /&gt; &lt;br /&gt; &lt;br /&gt;Support us: &lt;a href=&quot;http://allmyfavoritesongs.com&quot;&gt;allmyfavoritesongs.com&lt;/a&gt;"}]', '-target': 'metadata', 'priority': -5}
2021-10-22 16:08:04,325 - urllib3.connectionpool - DEBUG - Resetting dropped connection: archive.org
2021-10-22 16:08:05,078 - urllib3.connectionpool - DEBUG - https://archive.org:443 "POST /metadata/all-my-favorite-songs-002-dinosaur-jr HTTP/1.1" 200 None
2021-10-22 16:08:05,085 - urllib3.connectionpool - DEBUG - Resetting dropped connection: archive.org
2021-10-22 16:08:06,076 - urllib3.connectionpool - DEBUG - https://archive.org:443 "GET /metadata/all-my-favorite-songs-002-dinosaur-jr HTTP/1.1" 200 None
2021-10-22 16:09:36,097 - internetarchive.session - DEBUG - no metadata provided for "all-my-favorite-songs-001-weezer", retrieving now.
2021-10-22 16:09:36,109 - urllib3.connectionpool - DEBUG - Starting new HTTPS connection (1): archive.org:443
2021-10-22 16:09:36,867 - urllib3.connectionpool - DEBUG - https://archive.org:443 "GET /metadata/all-my-favorite-songs-001-weezer HTTP/1.1" 200 None
2021-10-22 16:09:36,870 - internetarchive.iarequest - DEBUG - submitting metadata request: {'-patch': '[{"op": "replace", "path": "/description", "value": "Weezer is an American rock band formed in Los Angeles, California, in 1992. Since 2001, the band has consisted of Rivers Cuomo (lead vocals, lead guitar, keyboards), Patrick Wilson (drums, percussion, backing vocals), Brian Bell (guitar, backing vocals, keyboards), and Scott Shriner (bass, backing vocals, keyboards).&lt;br /&gt; &lt;br /&gt;Lineup: Neil Young, REO Speedwagon, Johnny Cash, Toni Braxton, Yeah Yeah Yeahs, C\\u00e9line Dion, Sin\\u00e9ad O&#39;Connor&lt;br /&gt; &lt;br /&gt;Support us: &lt;a href=&quot;http://allmyfavoritesongs.com&quot;&gt;allmyfavoritesongs.com&lt;/a&gt;"}]', '-target': 'metadata', 'priority': -5}
2021-10-22 16:09:36,874 - urllib3.connectionpool - DEBUG - Resetting dropped connection: archive.org
2021-10-22 16:09:37,729 - urllib3.connectionpool - DEBUG - https://archive.org:443 "POST /metadata/all-my-favorite-songs-001-weezer HTTP/1.1" 200 None
2021-10-22 16:09:37,736 - urllib3.connectionpool - DEBUG - Resetting dropped connection: archive.org
2021-10-22 16:09:38,468 - urllib3.connectionpool - DEBUG - https://archive.org:443 "GET /metadata/all-my-favorite-songs-001-weezer HTTP/1.1" 200 None
2021-10-22 16:09:41,583 - internetarchive.session - DEBUG - no metadata provided for "all-my-favorite-songs-002-dinosaur-jr", retrieving now.
2021-10-22 16:09:41,622 - urllib3.connectionpool - DEBUG - Starting new HTTPS connection (1): archive.org:443
2021-10-22 16:09:42,308 - urllib3.connectionpool - DEBUG - https://archive.org:443 "GET /metadata/all-my-favorite-songs-002-dinosaur-jr HTTP/1.1" 200 None
2021-10-22 16:09:42,312 - internetarchive.iarequest - DEBUG - submitting metadata request: {'-patch': '[{"op": "replace", "path": "/description", "value": "Dinosaur Jr. is an American rock band formed in Amherst, Massachusetts, in 1984, originally simply called Dinosaur until legal issues forced a change in name. The band was founded by J Mascis (guitar, vocals, primary songwriter), Lou Barlow (bass, vocals), and Murph (drums). After three albums on independent labels, the band earned a reputation as one of the formative influences on American alternative rock. Mascis&#39;s drawling vocals and distinct guitar sound, hearkening back to 1960s and 1970s classic rock and characterized by extensive use of feedback and distortion, were highly influential in the alternative rock movement of the 1990s.&lt;br /&gt; &lt;br /&gt;Lineup: Wipers, The Dream Syndicate, True West, The Jesus and Mary Chain, The Birthday Party, Throbbing Gristle, Venom, Accept, Saint Vitus, The Eastern Dark, The Neats, Green On Red, Meat Puppets&lt;br /&gt; &lt;br /&gt;Support us: &lt;a href=&quot;http://allmyfavoritesongs.com&quot;&gt;allmyfavoritesongs.com&lt;/a&gt;"}]', '-target': 'metadata', 'priority': -5}
2021-10-22 16:09:42,315 - urllib3.connectionpool - DEBUG - Resetting dropped connection: archive.org
2021-10-22 16:09:43,123 - urllib3.connectionpool - DEBUG - https://archive.org:443 "POST /metadata/all-my-favorite-songs-002-dinosaur-jr HTTP/1.1" 200 None
2021-10-22 16:09:43,128 - urllib3.connectionpool - DEBUG - Resetting dropped connection: archive.org
2021-10-22 16:09:43,852 - urllib3.connectionpool - DEBUG - https://archive.org:443 "GET /metadata/all-my-favorite-songs-002-dinosaur-jr HTTP/1.1" 200 None
2021-10-22 16:12:03,118 - internetarchive.session - DEBUG - no metadata provided for "all-my-favorite-songs-002-dinosaur-jr", retrieving now.
2021-10-22 16:12:03,130 - urllib3.connectionpool - DEBUG - Starting new HTTPS connection (1): archive.org:443
2021-10-22 16:12:03,805 - urllib3.connectionpool - DEBUG - https://archive.org:443 "GET /metadata/all-my-favorite-songs-002-dinosaur-jr HTTP/1.1" 200 None
2021-10-22 16:12:03,808 - internetarchive.iarequest - DEBUG - submitting metadata request: {'-patch': '[{"op": "replace", "path": "/description", "value": "Dinosaur Jr. is an American rock band formed in Amherst, Massachusetts, in 1984, originally simply called Dinosaur until legal issues forced a change in name. The band was founded by J Mascis (guitar, vocals, primary songwriter), Lou Barlow (bass, vocals), and Murph (drums). After three albums on independent labels, the band earned a reputation as one of the formative influences on American alternative rock. Mascis&#39;s drawling vocals and distinct guitar sound, hearkening back to 1960s and 1970s classic rock and characterized by extensive use of feedback and distortion, were highly influential in the alternative rock movement of the 1990s.&lt;br /&gt; &lt;br /&gt; &lt;br /&gt; &lt;br /&gt;Lineup: Wipers, The Dream Syndicate, True West, The Jesus and Mary Chain, The Birthday Party, Throbbing Gristle, Venom, Accept, Saint Vitus, The Eastern Dark, The Neats, Green On Red, Meat Puppets&lt;br /&gt; &lt;br /&gt; &lt;br /&gt; &lt;br /&gt;Support us: &lt;a href=&#39;http://allmyfavoritesongs.com&#39;&gt;allmyfavoritesongs.com&lt;/a&gt;"}]', '-target': 'metadata', 'priority': -5}
2021-10-22 16:12:03,811 - urllib3.connectionpool - DEBUG - Resetting dropped connection: archive.org
2021-10-22 16:12:04,628 - urllib3.connectionpool - DEBUG - https://archive.org:443 "POST /metadata/all-my-favorite-songs-002-dinosaur-jr HTTP/1.1" 200 None
2021-10-22 16:12:04,635 - urllib3.connectionpool - DEBUG - Resetting dropped connection: archive.org
2021-10-22 16:12:05,333 - urllib3.connectionpool - DEBUG - https://archive.org:443 "GET /metadata/all-my-favorite-songs-002-dinosaur-jr HTTP/1.1" 200 None
2021-10-22 16:12:10,995 - internetarchive.session - DEBUG - no metadata provided for "all-my-favorite-songs-001-weezer", retrieving now.
2021-10-22 16:12:11,009 - urllib3.connectionpool - DEBUG - Starting new HTTPS connection (1): archive.org:443
2021-10-22 16:12:11,716 - urllib3.connectionpool - DEBUG - https://archive.org:443 "GET /metadata/all-my-favorite-songs-001-weezer HTTP/1.1" 200 None
2021-10-22 16:12:11,719 - internetarchive.iarequest - DEBUG - submitting metadata request: {'-patch': '[{"op": "replace", "path": "/description", "value": "Weezer is an American rock band formed in Los Angeles, California, in 1992. Since 2001, the band has consisted of Rivers Cuomo (lead vocals, lead guitar, keyboards), Patrick Wilson (drums, percussion, backing vocals), Brian Bell (guitar, backing vocals, keyboards), and Scott Shriner (bass, backing vocals, keyboards).&lt;br /&gt; &lt;br /&gt; &lt;br /&gt; &lt;br /&gt;Lineup: Neil Young, REO Speedwagon, Johnny Cash, Toni Braxton, Yeah Yeah Yeahs, C\\u00e9line Dion, Sin\\u00e9ad O&#39;Connor&lt;br /&gt; &lt;br /&gt; &lt;br /&gt; &lt;br /&gt;Support us: &lt;a href=&#39;http://allmyfavoritesongs.com&#39;&gt;allmyfavoritesongs.com&lt;/a&gt;"}]', '-target': 'metadata', 'priority': -5}
2021-10-22 16:12:11,723 - urllib3.connectionpool - DEBUG - Resetting dropped connection: archive.org
2021-10-22 16:12:12,481 - urllib3.connectionpool - DEBUG - https://archive.org:443 "POST /metadata/all-my-favorite-songs-001-weezer HTTP/1.1" 200 None
2021-10-22 16:12:12,488 - urllib3.connectionpool - DEBUG - Resetting dropped connection: archive.org
2021-10-22 16:12:13,189 - urllib3.connectionpool - DEBUG - https://archive.org:443 "GET /metadata/all-my-favorite-songs-001-weezer HTTP/1.1" 200 None
2021-10-22 16:13:58,041 - internetarchive.session - DEBUG - no metadata provided for "all-my-favorite-songs-001-weezer", retrieving now.
2021-10-22 16:13:58,082 - urllib3.connectionpool - DEBUG - Starting new HTTPS connection (1): archive.org:443
2021-10-22 16:13:58,753 - urllib3.connectionpool - DEBUG - https://archive.org:443 "GET /metadata/all-my-favorite-songs-001-weezer HTTP/1.1" 200 None
2021-10-22 16:13:58,757 - internetarchive.iarequest - DEBUG - submitting metadata request: {'-patch': '[{"op": "replace", "path": "/description", "value": "Weezer is an American rock band formed in Los Angeles, California, in 1992. Since 2001, the band has consisted of Rivers Cuomo (lead vocals, lead guitar, keyboards), Patrick Wilson (drums, percussion, backing vocals), Brian Bell (guitar, backing vocals, keyboards), and Scott Shriner (bass, backing vocals, keyboards).&lt;br /&gt; &lt;br /&gt; &lt;br /&gt; &lt;br /&gt;Lineup: Neil Young, REO Speedwagon, Johnny Cash, Toni Braxton, Yeah Yeah Yeahs, C\\u00e9line Dion, Sin\\u00e9ad O&#39;Connor&lt;br /&gt; &lt;br /&gt; &lt;br /&gt; &lt;br /&gt;Support us: &lt;a href=&#39;http://allmyfavoritesongs.com&#39;&gt;allmyfavoritesongs.com&lt;/a&gt;"}]', '-target': 'metadata', 'priority': -5}
2021-10-22 16:13:58,761 - urllib3.connectionpool - DEBUG - Resetting dropped connection: archive.org
2021-10-22 16:13:59,602 - urllib3.connectionpool - DEBUG - https://archive.org:443 "POST /metadata/all-my-favorite-songs-001-weezer HTTP/1.1" 200 None
2021-10-22 16:13:59,609 - urllib3.connectionpool - DEBUG - Resetting dropped connection: archive.org
2021-10-22 16:14:00,328 - urllib3.connectionpool - DEBUG - https://archive.org:443 "GET /metadata/all-my-favorite-songs-001-weezer HTTP/1.1" 200 None
2021-10-22 16:14:03,937 - internetarchive.session - DEBUG - no metadata provided for "all-my-favorite-songs-002-dinosaur-jr", retrieving now.
2021-10-22 16:14:03,950 - urllib3.connectionpool - DEBUG - Starting new HTTPS connection (1): archive.org:443
2021-10-22 16:14:04,642 - urllib3.connectionpool - DEBUG - https://archive.org:443 "GET /metadata/all-my-favorite-songs-002-dinosaur-jr HTTP/1.1" 200 None
2021-10-22 16:14:04,646 - internetarchive.iarequest - DEBUG - submitting metadata request: {'-patch': '[{"op": "replace", "path": "/description", "value": "Dinosaur Jr. is an American rock band formed in Amherst, Massachusetts, in 1984, originally simply called Dinosaur until legal issues forced a change in name. The band was founded by J Mascis (guitar, vocals, primary songwriter), Lou Barlow (bass, vocals), and Murph (drums). After three albums on independent labels, the band earned a reputation as one of the formative influences on American alternative rock. Mascis&#39;s drawling vocals and distinct guitar sound, hearkening back to 1960s and 1970s classic rock and characterized by extensive use of feedback and distortion, were highly influential in the alternative rock movement of the 1990s.&lt;br /&gt; &lt;br /&gt; &lt;br /&gt; &lt;br /&gt;Lineup: Wipers, The Dream Syndicate, True West, The Jesus and Mary Chain, The Birthday Party, Throbbing Gristle, Venom, Accept, Saint Vitus, The Eastern Dark, The Neats, Green On Red, Meat Puppets&lt;br /&gt; &lt;br /&gt; &lt;br /&gt; &lt;br /&gt;Support us: &lt;a href=&#39;http://allmyfavoritesongs.com&#39;&gt;allmyfavoritesongs.com&lt;/a&gt;"}]', '-target': 'metadata', 'priority': -5}
2021-10-22 16:14:04,649 - urllib3.connectionpool - DEBUG - Resetting dropped connection: archive.org
2021-10-22 16:14:05,413 - urllib3.connectionpool - DEBUG - https://archive.org:443 "POST /metadata/all-my-favorite-songs-002-dinosaur-jr HTTP/1.1" 200 None
2021-10-22 16:14:05,439 - urllib3.connectionpool - DEBUG - Resetting dropped connection: archive.org
2021-10-22 16:14:06,300 - urllib3.connectionpool - DEBUG - https://archive.org:443 "GET /metadata/all-my-favorite-songs-002-dinosaur-jr HTTP/1.1" 200 None
2021-10-22 16:15:38,523 - internetarchive.session - DEBUG - no metadata provided for "all-my-favorite-songs-001-weezer", retrieving now.
2021-10-22 16:15:38,562 - urllib3.connectionpool - DEBUG - Starting new HTTPS connection (1): archive.org:443
2021-10-22 16:15:39,233 - urllib3.connectionpool - DEBUG - https://archive.org:443 "GET /metadata/all-my-favorite-songs-001-weezer HTTP/1.1" 200 None
2021-10-22 16:15:39,237 - internetarchive.iarequest - DEBUG - submitting metadata request: {'-patch': '[{"op": "replace", "path": "/description", "value": "Weezer is an American rock band formed in Los Angeles, California, in 1992. Since 2001, the band has consisted of Rivers Cuomo (lead vocals, lead guitar, keyboards), Patrick Wilson (drums, percussion, backing vocals), Brian Bell (guitar, backing vocals, keyboards), and Scott Shriner (bass, backing vocals, keyboards). &lt;br /&gt; &lt;br /&gt; Lineup: Neil Young, REO Speedwagon, Johnny Cash, Toni Braxton, Yeah Yeah Yeahs, C\\u00e9line Dion, Sin\\u00e9ad O&#39;Connor"}]', '-target': 'metadata', 'priority': -5}
2021-10-22 16:15:39,240 - urllib3.connectionpool - DEBUG - Resetting dropped connection: archive.org
2021-10-22 16:15:40,063 - urllib3.connectionpool - DEBUG - https://archive.org:443 "POST /metadata/all-my-favorite-songs-001-weezer HTTP/1.1" 200 None
2021-10-22 16:15:40,070 - urllib3.connectionpool - DEBUG - Resetting dropped connection: archive.org
2021-10-22 16:15:40,763 - urllib3.connectionpool - DEBUG - https://archive.org:443 "GET /metadata/all-my-favorite-songs-001-weezer HTTP/1.1" 200 None
2021-10-22 16:17:16,113 - internetarchive.session - DEBUG - no metadata provided for "all-my-favorite-songs-001-weezer", retrieving now.
2021-10-22 16:17:16,150 - urllib3.connectionpool - DEBUG - Starting new HTTPS connection (1): archive.org:443
2021-10-22 16:17:16,830 - urllib3.connectionpool - DEBUG - https://archive.org:443 "GET /metadata/all-my-favorite-songs-001-weezer HTTP/1.1" 200 None
2021-10-22 16:17:16,832 - internetarchive.iarequest - DEBUG - submitting metadata request: {'-patch': '[{"op": "replace", "path": "/description", "value": "Weezer is an American rock band formed in Los Angeles, California, in 1992. Since 2001, the band has consisted of Rivers Cuomo (lead vocals, lead guitar, keyboards), Patrick Wilson (drums, percussion, backing vocals), Brian Bell (guitar, backing vocals, keyboards), and Scott Shriner (bass, backing vocals, keyboards). &lt;br /&gt; &lt;br /&gt; Lineup: Neil Young, REO Speedwagon, Johnny Cash, Toni Braxton, Yeah Yeah Yeahs, C\\u00e9line Dion, Sin\\u00e9ad O&#39;Connor"}]', '-target': 'metadata', 'priority': -5}
2021-10-22 16:17:16,836 - urllib3.connectionpool - DEBUG - Resetting dropped connection: archive.org
2021-10-22 16:17:17,609 - urllib3.connectionpool - DEBUG - https://archive.org:443 "POST /metadata/all-my-favorite-songs-001-weezer HTTP/1.1" 200 None
2021-10-22 16:17:17,616 - urllib3.connectionpool - DEBUG - Resetting dropped connection: archive.org
2021-10-22 16:17:18,310 - urllib3.connectionpool - DEBUG - https://archive.org:443 "GET /metadata/all-my-favorite-songs-001-weezer HTTP/1.1" 200 None
2021-10-22 16:17:50,854 - internetarchive.session - DEBUG - no metadata provided for "all-my-favorite-songs-001-weezer", retrieving now.
2021-10-22 16:17:50,866 - urllib3.connectionpool - DEBUG - Starting new HTTPS connection (1): archive.org:443
2021-10-22 16:17:51,613 - urllib3.connectionpool - DEBUG - https://archive.org:443 "GET /metadata/all-my-favorite-songs-001-weezer HTTP/1.1" 200 None
2021-10-22 16:17:51,616 - internetarchive.iarequest - DEBUG - submitting metadata request: {'-patch': '[{"op": "replace", "path": "/description", "value": "Weezer is an American rock band formed in Los Angeles, California, in 1992. Since 2001, the band has consisted of Rivers Cuomo (lead vocals, lead guitar, keyboards), Patrick Wilson (drums, percussion, backing vocals), Brian Bell (guitar, backing vocals, keyboards), and Scott Shriner (bass, backing vocals, keyboards). &lt;br /&gt; &lt;br /&gt; Lineup: Neil Young, REO Speedwagon, Johnny Cash, Toni Braxton, Yeah Yeah Yeahs, C\\u00e9line Dion, Sin\\u00e9ad O&#39;Connor"}]', '-target': 'metadata', 'priority': -5}
2021-10-22 16:17:51,619 - urllib3.connectionpool - DEBUG - Resetting dropped connection: archive.org
2021-10-22 16:17:52,381 - urllib3.connectionpool - DEBUG - https://archive.org:443 "POST /metadata/all-my-favorite-songs-001-weezer HTTP/1.1" 200 None
2021-10-22 16:17:52,388 - urllib3.connectionpool - DEBUG - Resetting dropped connection: archive.org
2021-10-22 16:17:53,092 - urllib3.connectionpool - DEBUG - https://archive.org:443 "GET /metadata/all-my-favorite-songs-001-weezer HTTP/1.1" 200 None
2021-10-22 16:18:22,716 - internetarchive.session - DEBUG - no metadata provided for "all-my-favorite-songs-001-weezer", retrieving now.
2021-10-22 16:18:22,730 - urllib3.connectionpool - DEBUG - Starting new HTTPS connection (1): archive.org:443
2021-10-22 16:18:23,446 - urllib3.connectionpool - DEBUG - https://archive.org:443 "GET /metadata/all-my-favorite-songs-001-weezer HTTP/1.1" 200 None
2021-10-22 16:18:23,451 - internetarchive.iarequest - DEBUG - submitting metadata request: {'-patch': '[{"op": "replace", "path": "/description", "value": "Weezer is an American rock band formed in Los Angeles, California, in 1992. Since 2001, the band has consisted of Rivers Cuomo (lead vocals, lead guitar, keyboards), Patrick Wilson (drums, percussion, backing vocals), Brian Bell (guitar, backing vocals, keyboards), and Scott Shriner (bass, backing vocals, keyboards). &lt;br /&gt; &lt;br /&gt; Lineup: Neil Young, REO Speedwagon, Johnny Cash, Toni Braxton, Yeah Yeah Yeahs, C\\u00e9line Dion, Sin\\u00e9ad O&#39;Connor"}]', '-target': 'metadata', 'priority': -5}
2021-10-22 16:18:23,454 - urllib3.connectionpool - DEBUG - Resetting dropped connection: archive.org
2021-10-22 16:18:24,295 - urllib3.connectionpool - DEBUG - https://archive.org:443 "POST /metadata/all-my-favorite-songs-001-weezer HTTP/1.1" 200 None
2021-10-22 16:18:24,302 - urllib3.connectionpool - DEBUG - Resetting dropped connection: archive.org
2021-10-22 16:18:24,994 - urllib3.connectionpool - DEBUG - https://archive.org:443 "GET /metadata/all-my-favorite-songs-001-weezer HTTP/1.1" 200 None
2021-10-22 16:18:41,439 - internetarchive.session - DEBUG - no metadata provided for "all-my-favorite-songs-001-weezer", retrieving now.
2021-10-22 16:18:41,454 - urllib3.connectionpool - DEBUG - Starting new HTTPS connection (1): archive.org:443
2021-10-22 16:18:42,159 - urllib3.connectionpool - DEBUG - https://archive.org:443 "GET /metadata/all-my-favorite-songs-001-weezer HTTP/1.1" 200 None
2021-10-22 16:18:42,162 - internetarchive.iarequest - DEBUG - submitting metadata request: {'-patch': '[{"op": "replace", "path": "/description", "value": "Weezer is an American rock band formed in Los Angeles, California, in 1992. Since 2001, the band has consisted of Rivers Cuomo (lead vocals, lead guitar, keyboards), Patrick Wilson (drums, percussion, backing vocals), Brian Bell (guitar, backing vocals, keyboards), and Scott Shriner (bass, backing vocals, keyboards). &lt;br /&gt; &lt;br /&gt; Lineup: Neil Young, REO Speedwagon, Johnny Cash, Toni Braxton, Yeah Yeah Yeahs, C\\u00e9line Dion, Sin\\u00e9ad O&#39;Connor &lt;br /&gt; &lt;br /&gt; Support: allmyfavopritesongs.com"}]', '-target': 'metadata', 'priority': -5}
2021-10-22 16:18:42,166 - urllib3.connectionpool - DEBUG - Resetting dropped connection: archive.org
2021-10-22 16:18:42,948 - urllib3.connectionpool - DEBUG - https://archive.org:443 "POST /metadata/all-my-favorite-songs-001-weezer HTTP/1.1" 200 None
2021-10-22 16:18:42,955 - urllib3.connectionpool - DEBUG - Resetting dropped connection: archive.org
2021-10-22 16:18:43,658 - urllib3.connectionpool - DEBUG - https://archive.org:443 "GET /metadata/all-my-favorite-songs-001-weezer HTTP/1.1" 200 None
2021-10-22 16:19:15,318 - internetarchive.session - DEBUG - no metadata provided for "all-my-favorite-songs-001-weezer", retrieving now.
2021-10-22 16:19:15,331 - urllib3.connectionpool - DEBUG - Starting new HTTPS connection (1): archive.org:443
2021-10-22 16:19:16,070 - urllib3.connectionpool - DEBUG - https://archive.org:443 "GET /metadata/all-my-favorite-songs-001-weezer HTTP/1.1" 200 None
2021-10-22 16:19:16,075 - internetarchive.iarequest - DEBUG - submitting metadata request: {'-patch': '[{"op": "replace", "path": "/description", "value": "Weezer is an American rock band formed in Los Angeles, California, in 1992. Since 2001, the band has consisted of Rivers Cuomo (lead vocals, lead guitar, keyboards), Patrick Wilson (drums, percussion, backing vocals), Brian Bell (guitar, backing vocals, keyboards), and Scott Shriner (bass, backing vocals, keyboards). &lt;br /&gt; &lt;br /&gt; Lineup: Neil Young, REO Speedwagon, Johnny Cash, Toni Braxton, Yeah Yeah Yeahs, C\\u00e9line Dion, Sin\\u00e9ad O&#39;Connor &lt;br /&gt; &lt;br /&gt; Support: allmyfavoritesongs.com"}]', '-target': 'metadata', 'priority': -5}
2021-10-22 16:19:16,079 - urllib3.connectionpool - DEBUG - Resetting dropped connection: archive.org
2021-10-22 16:19:16,925 - urllib3.connectionpool - DEBUG - https://archive.org:443 "POST /metadata/all-my-favorite-songs-001-weezer HTTP/1.1" 200 None
2021-10-22 16:19:16,933 - urllib3.connectionpool - DEBUG - Resetting dropped connection: archive.org
2021-10-22 16:19:17,647 - urllib3.connectionpool - DEBUG - https://archive.org:443 "GET /metadata/all-my-favorite-songs-001-weezer HTTP/1.1" 200 None
2021-10-22 16:20:02,590 - internetarchive.session - DEBUG - no metadata provided for "all-my-favorite-songs-001-weezer", retrieving now.
2021-10-22 16:20:02,631 - urllib3.connectionpool - DEBUG - Starting new HTTPS connection (1): archive.org:443
2021-10-22 16:20:03,341 - urllib3.connectionpool - DEBUG - https://archive.org:443 "GET /metadata/all-my-favorite-songs-001-weezer HTTP/1.1" 200 None
2021-10-22 16:20:03,345 - internetarchive.iarequest - DEBUG - submitting metadata request: {'-patch': '[{"op": "replace", "path": "/description", "value": "Weezer is an American rock band formed in Los Angeles, California, in 1992. Since 2001, the band has consisted of Rivers Cuomo (lead vocals, lead guitar, keyboards), Patrick Wilson (drums, percussion, backing vocals), Brian Bell (guitar, backing vocals, keyboards), and Scott Shriner (bass, backing vocals, keyboards). &lt;br /&gt; &lt;br /&gt; Lineup: Neil Young, REO Speedwagon, Johnny Cash, Toni Braxton, Yeah Yeah Yeahs, C\\u00e9line Dion, Sin\\u00e9ad O&#39;Connor"}]', '-target': 'metadata', 'priority': -5}
2021-10-22 16:20:03,348 - urllib3.connectionpool - DEBUG - Resetting dropped connection: archive.org
2021-10-22 16:20:04,571 - urllib3.connectionpool - DEBUG - https://archive.org:443 "POST /metadata/all-my-favorite-songs-001-weezer HTTP/1.1" 200 None
2021-10-22 16:20:04,578 - urllib3.connectionpool - DEBUG - Resetting dropped connection: archive.org
2021-10-22 16:20:05,294 - urllib3.connectionpool - DEBUG - https://archive.org:443 "GET /metadata/all-my-favorite-songs-001-weezer HTTP/1.1" 200 None
2021-10-22 16:20:31,659 - internetarchive.session - DEBUG - no metadata provided for "all-my-favorite-songs-001-weezer", retrieving now.
2021-10-22 16:20:31,671 - urllib3.connectionpool - DEBUG - Starting new HTTPS connection (1): archive.org:443
2021-10-22 16:20:32,393 - urllib3.connectionpool - DEBUG - https://archive.org:443 "GET /metadata/all-my-favorite-songs-001-weezer HTTP/1.1" 200 None
2021-10-22 16:20:32,396 - internetarchive.iarequest - DEBUG - submitting metadata request: {'-patch': '[]', '-target': 'metadata', 'priority': -5}
2021-10-22 16:20:32,399 - urllib3.connectionpool - DEBUG - Resetting dropped connection: archive.org
2021-10-22 16:20:33,171 - urllib3.connectionpool - DEBUG - https://archive.org:443 "POST /metadata/all-my-favorite-songs-001-weezer HTTP/1.1" 400 None
2021-10-22 16:20:33,178 - urllib3.connectionpool - DEBUG - Resetting dropped connection: archive.org
2021-10-22 16:20:33,888 - urllib3.connectionpool - DEBUG - https://archive.org:443 "GET /metadata/all-my-favorite-songs-001-weezer HTTP/1.1" 200 None
2021-10-22 16:21:22,574 - internetarchive.session - DEBUG - no metadata provided for "all-my-favorite-songs-001-weezer", retrieving now.
2021-10-22 16:21:22,589 - urllib3.connectionpool - DEBUG - Starting new HTTPS connection (1): archive.org:443
2021-10-22 16:21:23,248 - urllib3.connectionpool - DEBUG - https://archive.org:443 "GET /metadata/all-my-favorite-songs-001-weezer HTTP/1.1" 200 None
2021-10-22 16:21:23,251 - internetarchive.iarequest - DEBUG - submitting metadata request: {'-patch': '[{"op": "replace", "path": "/description", "value": "Weezer is an American rock band formed in Los Angeles, California, in 1992. Since 2001, the band has consisted of Rivers Cuomo (lead vocals, lead guitar, keyboards), Patrick Wilson (drums, percussion, backing vocals), Brian Bell (guitar, backing vocals, keyboards), and Scott Shriner (bass, backing vocals, keyboards). &lt;br /&gt; &lt;br /&gt; Lineup: Neil Young, REO Speedwagon, Johnny Cash, Toni Braxton, Yeah Yeah Yeahs, C\\u00e9line Dion, Sin\\u00e9ad O&#39;Connor &lt;br /&gt; Support: allmyfavoritesongs.com"}]', '-target': 'metadata', 'priority': -5}
2021-10-22 16:21:23,255 - urllib3.connectionpool - DEBUG - Resetting dropped connection: archive.org
2021-10-22 16:21:24,032 - urllib3.connectionpool - DEBUG - https://archive.org:443 "POST /metadata/all-my-favorite-songs-001-weezer HTTP/1.1" 200 None
2021-10-22 16:21:24,040 - urllib3.connectionpool - DEBUG - Resetting dropped connection: archive.org
2021-10-22 16:21:24,748 - urllib3.connectionpool - DEBUG - https://archive.org:443 "GET /metadata/all-my-favorite-songs-001-weezer HTTP/1.1" 200 None
2021-10-22 16:22:09,342 - internetarchive.session - DEBUG - no metadata provided for "all-my-favorite-songs-001-weezer", retrieving now.
2021-10-22 16:22:09,383 - urllib3.connectionpool - DEBUG - Starting new HTTPS connection (1): archive.org:443
2021-10-22 16:22:10,055 - urllib3.connectionpool - DEBUG - https://archive.org:443 "GET /metadata/all-my-favorite-songs-001-weezer HTTP/1.1" 200 None
2021-10-22 16:22:10,058 - internetarchive.iarequest - DEBUG - submitting metadata request: {'-patch': '[{"op": "replace", "path": "/description", "value": "Weezer is an American rock band formed in Los Angeles, California, in 1992. Since 2001, the band has consisted of Rivers Cuomo (lead vocals, lead guitar, keyboards), Patrick Wilson (drums, percussion, backing vocals), Brian Bell (guitar, backing vocals, keyboards), and Scott Shriner (bass, backing vocals, keyboards). &lt;br /&gt; &lt;br /&gt; Lineup: Neil Young, REO Speedwagon, Johnny Cash, Toni Braxton, Yeah Yeah Yeahs, C\\u00e9line Dion, Sin\\u00e9ad O&#39;Connor &lt;br /&gt; Support: allmyfavoritesongs"}]', '-target': 'metadata', 'priority': -5}
2021-10-22 16:22:10,061 - urllib3.connectionpool - DEBUG - Resetting dropped connection: archive.org
2021-10-22 16:22:10,825 - urllib3.connectionpool - DEBUG - https://archive.org:443 "POST /metadata/all-my-favorite-songs-001-weezer HTTP/1.1" 200 None
2021-10-22 16:22:10,831 - urllib3.connectionpool - DEBUG - Resetting dropped connection: archive.org
2021-10-22 16:22:11,535 - urllib3.connectionpool - DEBUG - https://archive.org:443 "GET /metadata/all-my-favorite-songs-001-weezer HTTP/1.1" 200 None
2021-10-22 16:22:36,564 - internetarchive.session - DEBUG - no metadata provided for "all-my-favorite-songs-001-weezer", retrieving now.
2021-10-22 16:22:36,578 - urllib3.connectionpool - DEBUG - Starting new HTTPS connection (1): archive.org:443
2021-10-22 16:22:37,320 - urllib3.connectionpool - DEBUG - https://archive.org:443 "GET /metadata/all-my-favorite-songs-001-weezer HTTP/1.1" 200 None
2021-10-22 16:22:37,325 - internetarchive.iarequest - DEBUG - submitting metadata request: {'-patch': '[{"op": "replace", "path": "/description", "value": "Weezer is an American rock band formed in Los Angeles, California, in 1992. Since 2001, the band has consisted of Rivers Cuomo (lead vocals, lead guitar, keyboards), Patrick Wilson (drums, percussion, backing vocals), Brian Bell (guitar, backing vocals, keyboards), and Scott Shriner (bass, backing vocals, keyboards). &lt;br /&gt; &lt;br /&gt; Lineup: Neil Young, REO Speedwagon, Johnny Cash, Toni Braxton, Yeah Yeah Yeahs, C\\u00e9line Dion, Sin\\u00e9ad O&#39;Connor &lt;br /&gt; Support: allmyfavoritesongs.com"}]', '-target': 'metadata', 'priority': -5}
2021-10-22 16:22:37,329 - urllib3.connectionpool - DEBUG - Resetting dropped connection: archive.org
2021-10-22 16:22:38,092 - urllib3.connectionpool - DEBUG - https://archive.org:443 "POST /metadata/all-my-favorite-songs-001-weezer HTTP/1.1" 200 None
2021-10-22 16:22:38,099 - urllib3.connectionpool - DEBUG - Resetting dropped connection: archive.org
2021-10-22 16:22:38,839 - urllib3.connectionpool - DEBUG - https://archive.org:443 "GET /metadata/all-my-favorite-songs-001-weezer HTTP/1.1" 200 None
2021-10-22 16:23:22,241 - internetarchive.session - DEBUG - no metadata provided for "all-my-favorite-songs-001-weezer", retrieving now.
2021-10-22 16:23:22,253 - urllib3.connectionpool - DEBUG - Starting new HTTPS connection (1): archive.org:443
2021-10-22 16:23:22,934 - urllib3.connectionpool - DEBUG - https://archive.org:443 "GET /metadata/all-my-favorite-songs-001-weezer HTTP/1.1" 200 None
2021-10-22 16:23:22,937 - internetarchive.iarequest - DEBUG - submitting metadata request: {'-patch': '[{"op": "replace", "path": "/description", "value": "Weezer is an American rock band formed in Los Angeles, California, in 1992. Since 2001, the band has consisted of Rivers Cuomo (lead vocals, lead guitar, keyboards), Patrick Wilson (drums, percussion, backing vocals), Brian Bell (guitar, backing vocals, keyboards), and Scott Shriner (bass, backing vocals, keyboards). &lt;br /&gt; &lt;br /&gt; Lineup: Neil Young, REO Speedwagon, Johnny Cash, Toni Braxton, Yeah Yeah Yeahs, C\\u00e9line Dion, Sin\\u00e9ad O&#39;Connor"}]', '-target': 'metadata', 'priority': -5}
2021-10-22 16:23:22,940 - urllib3.connectionpool - DEBUG - Resetting dropped connection: archive.org
2021-10-22 16:23:23,762 - urllib3.connectionpool - DEBUG - https://archive.org:443 "POST /metadata/all-my-favorite-songs-001-weezer HTTP/1.1" 200 None
2021-10-22 16:23:23,770 - urllib3.connectionpool - DEBUG - Resetting dropped connection: archive.org
2021-10-22 16:23:24,467 - urllib3.connectionpool - DEBUG - https://archive.org:443 "GET /metadata/all-my-favorite-songs-001-weezer HTTP/1.1" 200 None
2021-10-22 16:23:46,943 - internetarchive.session - DEBUG - no metadata provided for "all-my-favorite-songs-001-weezer", retrieving now.
2021-10-22 16:23:46,985 - urllib3.connectionpool - DEBUG - Starting new HTTPS connection (1): archive.org:443
2021-10-22 16:23:47,702 - urllib3.connectionpool - DEBUG - https://archive.org:443 "GET /metadata/all-my-favorite-songs-001-weezer HTTP/1.1" 200 None
2021-10-22 16:23:47,706 - internetarchive.iarequest - DEBUG - submitting metadata request: {'-patch': '[]', '-target': 'metadata', 'priority': -5}
2021-10-22 16:23:47,711 - urllib3.connectionpool - DEBUG - Resetting dropped connection: archive.org
2021-10-22 16:23:48,498 - urllib3.connectionpool - DEBUG - https://archive.org:443 "POST /metadata/all-my-favorite-songs-001-weezer HTTP/1.1" 400 None
2021-10-22 16:23:48,503 - urllib3.connectionpool - DEBUG - Resetting dropped connection: archive.org
2021-10-22 16:23:49,230 - urllib3.connectionpool - DEBUG - https://archive.org:443 "GET /metadata/all-my-favorite-songs-001-weezer HTTP/1.1" 200 None
2021-10-22 16:27:20,688 - internetarchive.session - DEBUG - no metadata provided for "all-my-favorite-songs-001-weezer", retrieving now.
2021-10-22 16:27:20,730 - urllib3.connectionpool - DEBUG - Starting new HTTPS connection (1): archive.org:443
2021-10-22 16:27:21,404 - urllib3.connectionpool - DEBUG - https://archive.org:443 "GET /metadata/all-my-favorite-songs-001-weezer HTTP/1.1" 200 None
2021-10-22 16:27:21,407 - internetarchive.iarequest - DEBUG - submitting metadata request: {'-patch': '[{"op": "replace", "path": "/description", "value": "Weezer is an American rock band formed in Los Angeles, California, in 1992. Since 2001, the band has consisted of Rivers Cuomo (lead vocals, lead guitar, keyboards), Patrick Wilson (drums, percussion, backing vocals), Brian Bell (guitar, backing vocals, keyboards), and Scott Shriner (bass, backing vocals, keyboards).&lt;br/&gt; &lt;br /&gt; Lineup: Neil Young, REO Speedwagon, Johnny Cash, Toni Braxton, Yeah Yeah Yeahs, C\\u00e9line Dion, Sin\\u00e9ad O&#39;Connor&lt;br/&gt; &lt;br /&gt; Support: &lt;a href=&quot;http://allmyfavoritesongs.com&quot;&gt;allmyfavoritesongs.com&lt;/a&gt;"}]', '-target': 'metadata', 'priority': -5}
2021-10-22 16:27:21,410 - urllib3.connectionpool - DEBUG - Resetting dropped connection: archive.org
2021-10-22 16:27:22,184 - urllib3.connectionpool - DEBUG - https://archive.org:443 "POST /metadata/all-my-favorite-songs-001-weezer HTTP/1.1" 200 None
2021-10-22 16:27:22,191 - urllib3.connectionpool - DEBUG - Resetting dropped connection: archive.org
2021-10-22 16:27:22,908 - urllib3.connectionpool - DEBUG - https://archive.org:443 "GET /metadata/all-my-favorite-songs-001-weezer HTTP/1.1" 200 None
2021-10-22 16:28:03,042 - internetarchive.session - DEBUG - no metadata provided for "all-my-favorite-songs-001-weezer", retrieving now.
2021-10-22 16:28:03,082 - urllib3.connectionpool - DEBUG - Starting new HTTPS connection (1): archive.org:443
2021-10-22 16:28:03,750 - urllib3.connectionpool - DEBUG - https://archive.org:443 "GET /metadata/all-my-favorite-songs-001-weezer HTTP/1.1" 200 None
2021-10-22 16:28:03,753 - internetarchive.iarequest - DEBUG - submitting metadata request: {'-patch': '[{"op": "replace", "path": "/description", "value": "&quot;Weezer is an American rock band formed in Los Angeles, California, in 1992. Since 2001, the band has consisted of Rivers Cuomo (lead vocals, lead guitar, keyboards), Patrick Wilson (drums, percussion, backing vocals), Brian Bell (guitar, backing vocals, keyboards), and Scott Shriner (bass, backing vocals, keyboards).&lt;br/&gt;\\\\n Lineup: Neil Young, REO Speedwagon, Johnny Cash, Toni Braxton, Yeah Yeah Yeahs, C\\u00e9line Dion, Sin\\u00e9ad O&#39;Connor&lt;br/&gt;\\\\n Support: &lt;a href=\\\\&quot;http://allmyfavoritesongs.com\\\\&quot;&gt;allmyfavoritesongs.com&lt;/a&gt;&quot;"}]', '-target': 'metadata', 'priority': -5}
2021-10-22 16:28:03,756 - urllib3.connectionpool - DEBUG - Resetting dropped connection: archive.org
2021-10-22 16:28:04,516 - urllib3.connectionpool - DEBUG - https://archive.org:443 "POST /metadata/all-my-favorite-songs-001-weezer HTTP/1.1" 200 None
2021-10-22 16:28:04,523 - urllib3.connectionpool - DEBUG - Resetting dropped connection: archive.org
2021-10-22 16:28:05,262 - urllib3.connectionpool - DEBUG - https://archive.org:443 "GET /metadata/all-my-favorite-songs-001-weezer HTTP/1.1" 200 None
2021-10-22 16:30:05,035 - internetarchive.session - DEBUG - no metadata provided for "all-my-favorite-songs-001-weezer", retrieving now.
2021-10-22 16:30:05,075 - urllib3.connectionpool - DEBUG - Starting new HTTPS connection (1): archive.org:443
2021-10-22 16:30:05,834 - urllib3.connectionpool - DEBUG - https://archive.org:443 "GET /metadata/all-my-favorite-songs-001-weezer HTTP/1.1" 200 None
2021-10-22 16:30:05,837 - internetarchive.iarequest - DEBUG - submitting metadata request: {'-patch': '[{"op": "replace", "path": "/description", "value": "Weezer is an American rock band formed in Los Angeles, California, in 1992. Since 2001, the band has consisted of Rivers Cuomo (lead vocals, lead guitar, keyboards), Patrick Wilson (drums, percussion, backing vocals), Brian Bell (guitar, backing vocals, keyboards), and Scott Shriner (bass, backing vocals, keyboards). &lt;br /&gt; Lineup: Neil Young, REO Speedwagon, Johnny Cash, Toni Braxton, Yeah Yeah Yeahs, C\\u00e9line Dion, Sin\\u00e9ad O&#39;Connor"}]', '-target': 'metadata', 'priority': -5}
2021-10-22 16:30:05,841 - urllib3.connectionpool - DEBUG - Resetting dropped connection: archive.org
2021-10-22 16:30:06,641 - urllib3.connectionpool - DEBUG - https://archive.org:443 "POST /metadata/all-my-favorite-songs-001-weezer HTTP/1.1" 200 None
2021-10-22 16:30:06,648 - urllib3.connectionpool - DEBUG - Resetting dropped connection: archive.org
2021-10-22 16:30:07,340 - urllib3.connectionpool - DEBUG - https://archive.org:443 "GET /metadata/all-my-favorite-songs-001-weezer HTTP/1.1" 200 None
2021-10-22 16:30:40,548 - internetarchive.session - DEBUG - no metadata provided for "all-my-favorite-songs-001-weezer", retrieving now.
2021-10-22 16:30:40,561 - urllib3.connectionpool - DEBUG - Starting new HTTPS connection (1): archive.org:443
2021-10-22 16:30:41,246 - urllib3.connectionpool - DEBUG - https://archive.org:443 "GET /metadata/all-my-favorite-songs-001-weezer HTTP/1.1" 200 None
2021-10-22 16:30:41,249 - internetarchive.iarequest - DEBUG - submitting metadata request: {'-patch': '[{"op": "replace", "path": "/description", "value": "Weezer is an American rock band formed in Los Angeles, California, in 1992. Since 2001, the band has consisted of Rivers Cuomo (lead vocals, lead guitar, keyboards), Patrick Wilson (drums, percussion, backing vocals), Brian Bell (guitar, backing vocals, keyboards), and Scott Shriner (bass, backing vocals, keyboards). Lineup: Neil Young, REO Speedwagon, Johnny Cash, Toni Braxton, Yeah Yeah Yeahs, C\\u00e9line Dion, Sin\\u00e9ad O&#39;Connor"}]', '-target': 'metadata', 'priority': -5}
2021-10-22 16:30:41,252 - urllib3.connectionpool - DEBUG - Resetting dropped connection: archive.org
2021-10-22 16:30:42,049 - urllib3.connectionpool - DEBUG - https://archive.org:443 "POST /metadata/all-my-favorite-songs-001-weezer HTTP/1.1" 200 None
2021-10-22 16:30:42,055 - urllib3.connectionpool - DEBUG - Resetting dropped connection: archive.org
2021-10-22 16:30:42,749 - urllib3.connectionpool - DEBUG - https://archive.org:443 "GET /metadata/all-my-favorite-songs-001-weezer HTTP/1.1" 200 None
2021-10-22 16:31:31,126 - internetarchive.session - DEBUG - no metadata provided for "all-my-favorite-songs-001-weezer", retrieving now.
2021-10-22 16:31:31,140 - urllib3.connectionpool - DEBUG - Starting new HTTPS connection (1): archive.org:443
2021-10-22 16:31:31,828 - urllib3.connectionpool - DEBUG - https://archive.org:443 "GET /metadata/all-my-favorite-songs-001-weezer HTTP/1.1" 200 None
2021-10-22 16:31:31,832 - internetarchive.iarequest - DEBUG - submitting metadata request: {'-patch': '[{"op": "replace", "path": "/description", "value": "Weezer is an American rock band formed in Los Angeles, California, in 1992. Since 2001, the band has consisted of Rivers Cuomo (lead vocals, lead guitar, keyboards), Patrick Wilson (drums, percussion, backing vocals), Brian Bell (guitar, backing vocals, keyboards), and Scott Shriner (bass, backing vocals, keyboards). &lt;br/&gt; Lineup: Neil Young, REO Speedwagon, Johnny Cash, Toni Braxton, Yeah Yeah Yeahs, C\\u00e9line Dion, Sin\\u00e9ad O&#39;Connor"}]', '-target': 'metadata', 'priority': -5}
2021-10-22 16:31:31,835 - urllib3.connectionpool - DEBUG - Resetting dropped connection: archive.org
2021-10-22 16:31:32,654 - urllib3.connectionpool - DEBUG - https://archive.org:443 "POST /metadata/all-my-favorite-songs-001-weezer HTTP/1.1" 200 None
2021-10-22 16:31:32,661 - urllib3.connectionpool - DEBUG - Resetting dropped connection: archive.org
2021-10-22 16:31:33,376 - urllib3.connectionpool - DEBUG - https://archive.org:443 "GET /metadata/all-my-favorite-songs-001-weezer HTTP/1.1" 200 None
2021-10-22 16:32:16,040 - internetarchive.session - DEBUG - no metadata provided for "all-my-favorite-songs-001-weezer", retrieving now.
2021-10-22 16:32:16,052 - urllib3.connectionpool - DEBUG - Starting new HTTPS connection (1): archive.org:443
2021-10-22 16:32:16,747 - urllib3.connectionpool - DEBUG - https://archive.org:443 "GET /metadata/all-my-favorite-songs-001-weezer HTTP/1.1" 200 None
2021-10-22 16:32:16,750 - internetarchive.iarequest - DEBUG - submitting metadata request: {'-patch': '[{"op": "replace", "path": "/description", "value": "Weezer is an American rock band formed in Los Angeles, California, in 1992. Since 2001, the band has consisted of Rivers Cuomo (lead vocals, lead guitar, keyboards), Patrick Wilson (drums, percussion, backing vocals), Brian Bell (guitar, backing vocals, keyboards), and Scott Shriner (bass, backing vocals, keyboards). Episode lineup: Neil Young, REO Speedwagon, Johnny Cash, Toni Braxton, Yeah Yeah Yeahs, C\\u00e9line Dion, Sin\\u00e9ad O&#39;Connor"}]', '-target': 'metadata', 'priority': -5}
2021-10-22 16:32:16,753 - urllib3.connectionpool - DEBUG - Resetting dropped connection: archive.org
2021-10-22 16:32:17,538 - urllib3.connectionpool - DEBUG - https://archive.org:443 "POST /metadata/all-my-favorite-songs-001-weezer HTTP/1.1" 200 None
2021-10-22 16:32:17,547 - urllib3.connectionpool - DEBUG - Resetting dropped connection: archive.org
2021-10-22 16:32:18,462 - urllib3.connectionpool - DEBUG - https://archive.org:443 "GET /metadata/all-my-favorite-songs-001-weezer HTTP/1.1" 200 None
2021-10-22 16:34:27,821 - internetarchive.session - DEBUG - no metadata provided for "all-my-favorite-songs-001-weezer", retrieving now.
2021-10-22 16:34:27,858 - urllib3.connectionpool - DEBUG - Starting new HTTPS connection (1): archive.org:443
2021-10-22 16:34:28,527 - urllib3.connectionpool - DEBUG - https://archive.org:443 "GET /metadata/all-my-favorite-songs-001-weezer HTTP/1.1" 200 None
2021-10-22 16:34:28,532 - internetarchive.iarequest - DEBUG - submitting metadata request: {'-patch': '[{"op": "replace", "path": "/description", "value": "Weezer is an American rock band formed in Los Angeles, California, in 1992. Since 2001, the band has consisted of Rivers Cuomo (lead vocals, lead guitar, keyboards), Patrick Wilson (drums, percussion, backing vocals), Brian Bell (guitar, backing vocals, keyboards), and Scott Shriner (bass, backing vocals, keyboards). Episode lineup: Neil Young, REO Speedwagon, Johnny Cash, Toni Braxton, Yeah Yeah Yeahs, C\\u00e9line Dion, Sin\\u00e9ad O&#39;Connor "}]', '-target': 'metadata', 'priority': -5}
2021-10-22 16:34:28,535 - urllib3.connectionpool - DEBUG - Resetting dropped connection: archive.org
2021-10-22 16:34:29,299 - urllib3.connectionpool - DEBUG - https://archive.org:443 "POST /metadata/all-my-favorite-songs-001-weezer HTTP/1.1" 200 None
2021-10-22 16:34:29,308 - urllib3.connectionpool - DEBUG - Resetting dropped connection: archive.org
2021-10-22 16:34:30,014 - urllib3.connectionpool - DEBUG - https://archive.org:443 "GET /metadata/all-my-favorite-songs-001-weezer HTTP/1.1" 200 None
2021-10-22 16:34:33,552 - internetarchive.session - DEBUG - no metadata provided for "all-my-favorite-songs-001-weezer", retrieving now.
2021-10-22 16:34:33,564 - urllib3.connectionpool - DEBUG - Starting new HTTPS connection (1): archive.org:443
2021-10-22 16:34:34,326 - urllib3.connectionpool - DEBUG - https://archive.org:443 "GET /metadata/all-my-favorite-songs-001-weezer HTTP/1.1" 200 None
2021-10-22 16:34:34,329 - internetarchive.iarequest - DEBUG - submitting metadata request: {'-patch': '[]', '-target': 'metadata', 'priority': -5}
2021-10-22 16:34:34,333 - urllib3.connectionpool - DEBUG - Resetting dropped connection: archive.org
2021-10-22 16:34:35,134 - urllib3.connectionpool - DEBUG - https://archive.org:443 "POST /metadata/all-my-favorite-songs-001-weezer HTTP/1.1" 400 None
2021-10-22 16:34:35,143 - urllib3.connectionpool - DEBUG - Resetting dropped connection: archive.org
2021-10-22 16:34:35,884 - urllib3.connectionpool - DEBUG - https://archive.org:443 "GET /metadata/all-my-favorite-songs-001-weezer HTTP/1.1" 200 None
2021-10-22 16:34:56,037 - internetarchive.session - DEBUG - no metadata provided for "all-my-favorite-songs-001-weezer", retrieving now.
2021-10-22 16:34:56,050 - urllib3.connectionpool - DEBUG - Starting new HTTPS connection (1): archive.org:443
2021-10-22 16:34:56,735 - urllib3.connectionpool - DEBUG - https://archive.org:443 "GET /metadata/all-my-favorite-songs-001-weezer HTTP/1.1" 200 None
2021-10-22 16:34:56,739 - internetarchive.iarequest - DEBUG - submitting metadata request: {'-patch': '[{"op": "replace", "path": "/description", "value": "Weezer is an American rock band formed in Los Angeles, California, in 1992. Since 2001, the band has consisted of Rivers Cuomo (lead vocals, lead guitar, keyboards), Patrick Wilson (drums, percussion, backing vocals), Brian Bell (guitar, backing vocals, keyboards), and Scott Shriner (bass, backing vocals, keyboards). &lt;br /&gt; Episode lineup: Neil Young, REO Speedwagon, Johnny Cash, Toni Braxton, Yeah Yeah Yeahs, C\\u00e9line Dion, Sin\\u00e9ad O&#39;Connor "}]', '-target': 'metadata', 'priority': -5}
2021-10-22 16:34:56,743 - urllib3.connectionpool - DEBUG - Resetting dropped connection: archive.org
2021-10-22 16:34:57,550 - urllib3.connectionpool - DEBUG - https://archive.org:443 "POST /metadata/all-my-favorite-songs-001-weezer HTTP/1.1" 200 None
2021-10-22 16:34:57,559 - urllib3.connectionpool - DEBUG - Resetting dropped connection: archive.org
2021-10-22 16:34:58,251 - urllib3.connectionpool - DEBUG - https://archive.org:443 "GET /metadata/all-my-favorite-songs-001-weezer HTTP/1.1" 200 None
2021-10-22 16:35:51,993 - internetarchive.session - DEBUG - no metadata provided for "all-my-favorite-songs-001-weezer", retrieving now.
2021-10-22 16:35:52,007 - urllib3.connectionpool - DEBUG - Starting new HTTPS connection (1): archive.org:443
2021-10-22 16:35:52,806 - urllib3.connectionpool - DEBUG - https://archive.org:443 "GET /metadata/all-my-favorite-songs-001-weezer HTTP/1.1" 200 None
2021-10-22 16:35:52,809 - internetarchive.iarequest - DEBUG - submitting metadata request: {'-patch': '[{"op": "replace", "path": "/description", "value": "Weezer is an American rock band formed in Los Angeles, California, in 1992. Since 2001, the band has consisted of Rivers Cuomo (lead vocals, lead guitar, keyboards), Patrick Wilson (drums, percussion, backing vocals), Brian Bell (guitar, backing vocals, keyboards), and Scott Shriner (bass, backing vocals, keyboards). &lt;br /&gt; Episode lineup: Neil Young, REO Speedwagon, Johnny Cash, Toni Braxton, Yeah Yeah Yeahs, C\\u00e9line Dion, Sin\\u00e9ad O&#39;Connor "}]', '-target': 'metadata', 'priority': -5}
2021-10-22 16:35:52,815 - urllib3.connectionpool - DEBUG - Resetting dropped connection: archive.org
2021-10-22 16:35:53,581 - urllib3.connectionpool - DEBUG - https://archive.org:443 "POST /metadata/all-my-favorite-songs-001-weezer HTTP/1.1" 200 None
2021-10-22 16:35:53,589 - urllib3.connectionpool - DEBUG - Resetting dropped connection: archive.org
2021-10-22 16:35:54,285 - urllib3.connectionpool - DEBUG - https://archive.org:443 "GET /metadata/all-my-favorite-songs-001-weezer HTTP/1.1" 200 None
2021-10-22 16:36:20,046 - internetarchive.session - DEBUG - no metadata provided for "all-my-favorite-songs-001-weezer", retrieving now.
2021-10-22 16:36:20,060 - urllib3.connectionpool - DEBUG - Starting new HTTPS connection (1): archive.org:443
2021-10-22 16:36:20,819 - urllib3.connectionpool - DEBUG - https://archive.org:443 "GET /metadata/all-my-favorite-songs-001-weezer HTTP/1.1" 200 None
2021-10-22 16:36:20,822 - internetarchive.iarequest - DEBUG - submitting metadata request: {'-patch': '[{"op": "replace", "path": "/description", "value": "Weezer is an American rock band formed in Los Angeles, California, in 1992. Since 2001, the band has consisted of Rivers Cuomo (lead vocals, lead guitar, keyboards), Patrick Wilson (drums, percussion, backing vocals), Brian Bell (guitar, backing vocals, keyboards), and Scott Shriner (bass, backing vocals, keyboards). &lt;br /&gt; Episode lineup: Neil Young, REO Speedwagon, Johnny Cash, Toni Braxton, Yeah Yeah Yeahs, C\\u00e9line Dion, Sin\\u00e9ad O&#39;Connor "}]', '-target': 'metadata', 'priority': -5}
2021-10-22 16:36:20,826 - urllib3.connectionpool - DEBUG - Resetting dropped connection: archive.org
2021-10-22 16:36:21,558 - urllib3.connectionpool - DEBUG - https://archive.org:443 "POST /metadata/all-my-favorite-songs-001-weezer HTTP/1.1" 200 None
2021-10-22 16:36:21,564 - urllib3.connectionpool - DEBUG - Resetting dropped connection: archive.org
2021-10-22 16:36:22,264 - urllib3.connectionpool - DEBUG - https://archive.org:443 "GET /metadata/all-my-favorite-songs-001-weezer HTTP/1.1" 200 None
2021-10-22 16:37:59,487 - internetarchive.session - DEBUG - no metadata provided for "all-my-favorite-songs-001-weezer", retrieving now.
2021-10-22 16:37:59,501 - urllib3.connectionpool - DEBUG - Starting new HTTPS connection (1): archive.org:443
2021-10-22 16:38:00,176 - urllib3.connectionpool - DEBUG - https://archive.org:443 "GET /metadata/all-my-favorite-songs-001-weezer HTTP/1.1" 200 None
2021-10-22 16:38:00,179 - internetarchive.iarequest - DEBUG - submitting metadata request: {'-patch': '[{"op": "replace", "path": "/description", "value": "Weezer is an American rock band formed in Los Angeles, California, in 1992. Since 2001, the band has consisted of Rivers Cuomo (lead vocals, lead guitar, keyboards), Patrick Wilson (drums, percussion, backing vocals), Brian Bell (guitar, backing vocals, keyboards), and Scott Shriner (bass, backing vocals, keyboards). &lt;br /&gt; Lineup: Neil Young, REO Speedwagon, Johnny Cash, Toni Braxton, Yeah Yeah Yeahs, C\\u00e9line Dion, Sin\\u00e9ad O&#39;Connor "}]', '-target': 'metadata', 'priority': -5}
2021-10-22 16:38:00,182 - urllib3.connectionpool - DEBUG - Resetting dropped connection: archive.org
2021-10-22 16:38:00,937 - urllib3.connectionpool - DEBUG - https://archive.org:443 "POST /metadata/all-my-favorite-songs-001-weezer HTTP/1.1" 200 None
2021-10-22 16:38:00,945 - urllib3.connectionpool - DEBUG - Resetting dropped connection: archive.org
2021-10-22 16:38:01,701 - urllib3.connectionpool - DEBUG - https://archive.org:443 "GET /metadata/all-my-favorite-songs-001-weezer HTTP/1.1" 200 None
2021-10-22 16:39:16,159 - internetarchive.session - DEBUG - no metadata provided for "all-my-favorite-songs-001-weezer", retrieving now.
2021-10-22 16:39:16,171 - urllib3.connectionpool - DEBUG - Starting new HTTPS connection (1): archive.org:443
2021-10-22 16:39:16,861 - urllib3.connectionpool - DEBUG - https://archive.org:443 "GET /metadata/all-my-favorite-songs-001-weezer HTTP/1.1" 200 None
2021-10-22 16:39:16,865 - internetarchive.iarequest - DEBUG - submitting metadata request: {'-patch': '[{"op": "replace", "path": "/description", "value": "Weezer is an American rock band formed in Los Angeles, California, in 1992. Since 2001, the band has consisted of Rivers Cuomo (lead vocals, lead guitar, keyboards), Patrick Wilson (drums, percussion, backing vocals), Brian Bell (guitar, backing vocals, keyboards), and Scott Shriner (bass, backing vocals, keyboards). &lt;br /&gt; &lt;br /&gt; Lineup: Neil Young, REO Speedwagon, Johnny Cash, Toni Braxton, Yeah Yeah Yeahs, C\\u00e9line Dion, Sin\\u00e9ad O&#39;Connor "}]', '-target': 'metadata', 'priority': -5}
2021-10-22 16:39:16,868 - urllib3.connectionpool - DEBUG - Resetting dropped connection: archive.org
2021-10-22 16:39:17,697 - urllib3.connectionpool - DEBUG - https://archive.org:443 "POST /metadata/all-my-favorite-songs-001-weezer HTTP/1.1" 200 None
2021-10-22 16:39:17,705 - urllib3.connectionpool - DEBUG - Resetting dropped connection: archive.org
2021-10-22 16:39:18,457 - urllib3.connectionpool - DEBUG - https://archive.org:443 "GET /metadata/all-my-favorite-songs-001-weezer HTTP/1.1" 200 None
2021-10-22 16:40:28,440 - internetarchive.session - DEBUG - no metadata provided for "all-my-favorite-songs-001-weezer", retrieving now.
2021-10-22 16:40:28,481 - urllib3.connectionpool - DEBUG - Starting new HTTPS connection (1): archive.org:443
2021-10-22 16:40:29,211 - urllib3.connectionpool - DEBUG - https://archive.org:443 "GET /metadata/all-my-favorite-songs-001-weezer HTTP/1.1" 200 None
2021-10-22 16:40:29,215 - internetarchive.iarequest - DEBUG - submitting metadata request: {'-patch': '[{"op": "replace", "path": "/description", "value": "Weezer is an American rock band formed in Los Angeles, California, in 1992. Since 2001, the band has consisted of Rivers Cuomo (lead vocals, lead guitar, keyboards), Patrick Wilson (drums, percussion, backing vocals), Brian Bell (guitar, backing vocals, keyboards), and Scott Shriner (bass, backing vocals, keyboards). &lt;br /&gt;&lt;br /&gt; Lineup: Neil Young, REO Speedwagon, Johnny Cash, Toni Braxton, Yeah Yeah Yeahs, C\\u00e9line Dion, Sin\\u00e9ad O&#39;Connor "}]', '-target': 'metadata', 'priority': -5}
2021-10-22 16:40:29,218 - urllib3.connectionpool - DEBUG - Resetting dropped connection: archive.org
2021-10-22 16:40:30,012 - urllib3.connectionpool - DEBUG - https://archive.org:443 "POST /metadata/all-my-favorite-songs-001-weezer HTTP/1.1" 200 None
2021-10-22 16:40:30,019 - urllib3.connectionpool - DEBUG - Resetting dropped connection: archive.org
2021-10-22 16:40:30,724 - urllib3.connectionpool - DEBUG - https://archive.org:443 "GET /metadata/all-my-favorite-songs-001-weezer HTTP/1.1" 200 None
2021-10-22 16:41:18,115 - internetarchive.session - DEBUG - no metadata provided for "all-my-favorite-songs-001-weezer", retrieving now.
2021-10-22 16:41:18,127 - urllib3.connectionpool - DEBUG - Starting new HTTPS connection (1): archive.org:443
2021-10-22 16:41:18,805 - urllib3.connectionpool - DEBUG - https://archive.org:443 "GET /metadata/all-my-favorite-songs-001-weezer HTTP/1.1" 200 None
2021-10-22 16:41:18,809 - internetarchive.iarequest - DEBUG - submitting metadata request: {'-patch': '[{"op": "replace", "path": "/description", "value": "Weezer is an American rock band formed in Los Angeles, California, in 1992. Since 2001, the band has consisted of Rivers Cuomo (lead vocals, lead guitar, keyboards), Patrick Wilson (drums, percussion, backing vocals), Brian Bell (guitar, backing vocals, keyboards), and Scott Shriner (bass, backing vocals, keyboards). &lt;br /&gt;&lt;br /&gt; Lineup: Neil Young, REO Speedwagon, Johnny Cash, Toni Braxton, Yeah Yeah Yeahs, C\\u00e9line Dion, Sin\\u00e9ad O&#39;Connor "}]', '-target': 'metadata', 'priority': -5}
2021-10-22 16:41:18,812 - urllib3.connectionpool - DEBUG - Resetting dropped connection: archive.org
2021-10-22 16:41:19,680 - urllib3.connectionpool - DEBUG - https://archive.org:443 "POST /metadata/all-my-favorite-songs-001-weezer HTTP/1.1" 200 None
2021-10-22 16:41:19,686 - urllib3.connectionpool - DEBUG - Resetting dropped connection: archive.org
2021-10-22 16:41:21,294 - urllib3.connectionpool - DEBUG - https://archive.org:443 "GET /metadata/all-my-favorite-songs-001-weezer HTTP/1.1" 200 None
2021-10-22 16:42:35,928 - internetarchive.session - DEBUG - no metadata provided for "all-my-favorite-songs-001-weezer", retrieving now.
2021-10-22 16:42:35,966 - urllib3.connectionpool - DEBUG - Starting new HTTPS connection (1): archive.org:443
2021-10-22 16:42:36,636 - urllib3.connectionpool - DEBUG - https://archive.org:443 "GET /metadata/all-my-favorite-songs-001-weezer HTTP/1.1" 200 None
2021-10-22 16:42:36,639 - internetarchive.iarequest - DEBUG - submitting metadata request: {'-patch': '[{"op": "replace", "path": "/description", "value": "Weezer is an American rock band formed in Los Angeles, California, in 1992. Since 2001, the band has consisted of Rivers Cuomo (lead vocals, lead guitar, keyboards), Patrick Wilson (drums, percussion, backing vocals), Brian Bell (guitar, backing vocals, keyboards), and Scott Shriner (bass, backing vocals, keyboards). &lt;br /&gt; &lt;br /&gt; Lineup: Neil Young, REO Speedwagon, Johnny Cash, Toni Braxton, Yeah Yeah Yeahs, C\\u00e9line Dion, Sin\\u00e9ad O&#39;Connor "}]', '-target': 'metadata', 'priority': -5}
2021-10-22 16:42:36,642 - urllib3.connectionpool - DEBUG - Resetting dropped connection: archive.org
2021-10-22 16:42:37,408 - urllib3.connectionpool - DEBUG - https://archive.org:443 "POST /metadata/all-my-favorite-songs-001-weezer HTTP/1.1" 200 None
2021-10-22 16:42:37,415 - urllib3.connectionpool - DEBUG - Resetting dropped connection: archive.org
2021-10-22 16:42:38,115 - urllib3.connectionpool - DEBUG - https://archive.org:443 "GET /metadata/all-my-favorite-songs-001-weezer HTTP/1.1" 200 None
2021-10-22 16:43:13,529 - internetarchive.session - DEBUG - no metadata provided for "all-my-favorite-songs-003-drive-like-jehu", retrieving now.
2021-10-22 16:43:13,542 - urllib3.connectionpool - DEBUG - Starting new HTTPS connection (1): archive.org:443
2021-10-22 16:43:14,240 - urllib3.connectionpool - DEBUG - https://archive.org:443 "GET /metadata/all-my-favorite-songs-003-drive-like-jehu HTTP/1.1" 200 None
2021-10-22 16:43:14,243 - internetarchive.iarequest - DEBUG - submitting metadata request: {'-patch': '[{"op": "replace", "path": "/artist", "value": "Hot Snakes, The Blind Shake, Mrs. Magician, Flamin\' Groovies, The King Khan & BBQ Show, The Schizophonics, Metz, Mission Of Burma, The Gories, King Khan and the Shrines, The Spits, Rocket From The Crypt, Betunizer, The Monkeywrench, Holly Golightly, Dan Sartain, Martin Rev, Tortoise, The Ex, PyPy, Gary Wilson, Claw Hammer, Wau y Los Arrrghs"}, {"op": "replace", "path": "/date", "value": "2021-10-19"}, {"op": "replace", "path": "/description", "value": "Drive Like Jehu was an American post-hardcore band from San Diego active from 1990 to 1995. It was formed by rhythm guitarist and vocalist Rick Froberg and lead guitarist John Reis, ex-members of Pitchfork, along with bassist Mike Kennedy and drummer Mark Trombino, both from Night Soil Man, after their two bands disbanded in 1990. Drive Like Jehu&#39;s music was characterized by passionate singing, unusual song structure, indirect melodic themes, intricate guitar playing, and calculated use of tension, resulting in a distinctive sound amongst other post-hardcore acts and helped to catalyze the evolution of hardcore punk into emo. &lt;br/&gt; &lt;br/&gt; In this episode all songs by bands selected by Drive Like Jehu to play All Tomorrow&#39;s Parties 2.0 April 22-24, 2016. &lt;br /&gt; &lt;br /&gt; Lineup: Hot Snakes, The Blind Shake, Mrs. Magician, Flamin&#39; Groovies, The King Khan &amp; BBQ Show, The Schizophonics, Metz, Mission Of Burma, The Gories, King Khan and the Shrines, The Spits, Rocket From The Crypt, Betunizer, The Monkeywrench, Holly Golightly, Dan Sartain, Martin Rev, Tortoise, The Ex, PyPy, Gary Wilson, Claw Hammer, Wau y Los Arrrghs "}]', '-target': 'metadata', 'priority': -5}
2021-10-22 16:43:14,247 - urllib3.connectionpool - DEBUG - Resetting dropped connection: archive.org
2021-10-22 16:43:15,055 - urllib3.connectionpool - DEBUG - https://archive.org:443 "POST /metadata/all-my-favorite-songs-003-drive-like-jehu HTTP/1.1" 200 None
2021-10-22 16:43:15,061 - urllib3.connectionpool - DEBUG - Resetting dropped connection: archive.org
2021-10-22 16:43:15,830 - urllib3.connectionpool - DEBUG - https://archive.org:443 "GET /metadata/all-my-favorite-songs-003-drive-like-jehu HTTP/1.1" 200 None
2021-10-22 16:43:16,578 - internetarchive.session - DEBUG - no metadata provided for "all-my-favorite-songs-002-dinosaur-jr", retrieving now.
2021-10-22 16:43:16,590 - urllib3.connectionpool - DEBUG - Starting new HTTPS connection (1): archive.org:443
2021-10-22 16:43:17,259 - urllib3.connectionpool - DEBUG - https://archive.org:443 "GET /metadata/all-my-favorite-songs-002-dinosaur-jr HTTP/1.1" 200 None
2021-10-22 16:43:17,264 - internetarchive.iarequest - DEBUG - submitting metadata request: {'-patch': '[{"op": "replace", "path": "/description", "value": "Dinosaur Jr. is an American rock band formed in Amherst, Massachusetts, in 1984, originally simply called Dinosaur until legal issues forced a change in name. The band was founded by J Mascis (guitar, vocals, primary songwriter), Lou Barlow (bass, vocals), and Murph (drums). After three albums on independent labels, the band earned a reputation as one of the formative influences on American alternative rock. Mascis&#39;s drawling vocals and distinct guitar sound, hearkening back to 1960s and 1970s classic rock and characterized by extensive use of feedback and distortion, were highly influential in the alternative rock movement of the 1990s. &lt;br /&gt; &lt;br /&gt; Lineup: Wipers, The Dream Syndicate, True West, The Jesus and Mary Chain, The Birthday Party, Throbbing Gristle, Venom, Accept, Saint Vitus, The Eastern Dark, The Neats, Green On Red, Meat Puppets "}]', '-target': 'metadata', 'priority': -5}
2021-10-22 16:43:17,267 - urllib3.connectionpool - DEBUG - Resetting dropped connection: archive.org
2021-10-22 16:43:18,032 - urllib3.connectionpool - DEBUG - https://archive.org:443 "POST /metadata/all-my-favorite-songs-002-dinosaur-jr HTTP/1.1" 200 None
2021-10-22 16:43:18,039 - urllib3.connectionpool - DEBUG - Resetting dropped connection: archive.org
2021-10-22 16:43:18,746 - urllib3.connectionpool - DEBUG - https://archive.org:443 "GET /metadata/all-my-favorite-songs-002-dinosaur-jr HTTP/1.1" 200 None
2021-10-22 16:43:19,549 - internetarchive.session - DEBUG - no metadata provided for "all-my-favorite-songs-001-weezer", retrieving now.
2021-10-22 16:43:19,562 - urllib3.connectionpool - DEBUG - Starting new HTTPS connection (1): archive.org:443
2021-10-22 16:43:20,237 - urllib3.connectionpool - DEBUG - https://archive.org:443 "GET /metadata/all-my-favorite-songs-001-weezer HTTP/1.1" 200 None
2021-10-22 16:43:20,241 - internetarchive.iarequest - DEBUG - submitting metadata request: {'-patch': '[{"op": "replace", "path": "/description", "value": "Weezer is an American rock band formed in Los Angeles, California, in 1992. Since 2001, the band has consisted of Rivers Cuomo (lead vocals, lead guitar, keyboards), Patrick Wilson (drums, percussion, backing vocals), Brian Bell (guitar, backing vocals, keyboards), and Scott Shriner (bass, backing vocals, keyboards). &lt;br /&gt; &lt;br /&gt; Lineup: Neil Young, REO Speedwagon, Johnny Cash, Toni Braxton, Yeah Yeah Yeahs, C\\u00e9line Dion, Sin\\u00e9ad O&#39;Connor "}]', '-target': 'metadata', 'priority': -5}
2021-10-22 16:43:20,244 - urllib3.connectionpool - DEBUG - Resetting dropped connection: archive.org
2021-10-22 16:43:20,985 - urllib3.connectionpool - DEBUG - https://archive.org:443 "POST /metadata/all-my-favorite-songs-001-weezer HTTP/1.1" 200 None
2021-10-22 16:43:20,991 - urllib3.connectionpool - DEBUG - Resetting dropped connection: archive.org
2021-10-22 16:43:21,733 - urllib3.connectionpool - DEBUG - https://archive.org:443 "GET /metadata/all-my-favorite-songs-001-weezer HTTP/1.1" 200 None
2021-10-22 16:43:52,218 - internetarchive.session - DEBUG - no metadata provided for "all-my-favorite-songs-003-drive-like-jehu", retrieving now.
2021-10-22 16:43:52,235 - urllib3.connectionpool - DEBUG - Starting new HTTPS connection (1): archive.org:443
2021-10-22 16:43:53,043 - urllib3.connectionpool - DEBUG - https://archive.org:443 "GET /metadata/all-my-favorite-songs-003-drive-like-jehu HTTP/1.1" 200 None
2021-10-22 16:43:53,047 - internetarchive.iarequest - DEBUG - submitting metadata request: {'-patch': '[]', '-target': 'metadata', 'priority': -5}
2021-10-22 16:43:53,051 - urllib3.connectionpool - DEBUG - Resetting dropped connection: archive.org
2021-10-22 16:43:53,880 - urllib3.connectionpool - DEBUG - https://archive.org:443 "POST /metadata/all-my-favorite-songs-003-drive-like-jehu HTTP/1.1" 400 None
2021-10-22 16:43:53,891 - urllib3.connectionpool - DEBUG - Resetting dropped connection: archive.org
2021-10-22 16:43:54,604 - urllib3.connectionpool - DEBUG - https://archive.org:443 "GET /metadata/all-my-favorite-songs-003-drive-like-jehu HTTP/1.1" 200 None
2021-10-22 16:43:55,592 - internetarchive.session - DEBUG - no metadata provided for "all-my-favorite-songs-002-dinosaur-jr", retrieving now.
2021-10-22 16:43:55,605 - urllib3.connectionpool - DEBUG - Starting new HTTPS connection (1): archive.org:443
2021-10-22 16:43:56,305 - urllib3.connectionpool - DEBUG - https://archive.org:443 "GET /metadata/all-my-favorite-songs-002-dinosaur-jr HTTP/1.1" 200 None
2021-10-22 16:43:56,311 - internetarchive.iarequest - DEBUG - submitting metadata request: {'-patch': '[]', '-target': 'metadata', 'priority': -5}
2021-10-22 16:43:56,328 - urllib3.connectionpool - DEBUG - Resetting dropped connection: archive.org
2021-10-22 16:43:57,136 - urllib3.connectionpool - DEBUG - https://archive.org:443 "POST /metadata/all-my-favorite-songs-002-dinosaur-jr HTTP/1.1" 400 None
2021-10-22 16:43:57,142 - urllib3.connectionpool - DEBUG - Resetting dropped connection: archive.org
2021-10-22 16:43:57,836 - urllib3.connectionpool - DEBUG - https://archive.org:443 "GET /metadata/all-my-favorite-songs-002-dinosaur-jr HTTP/1.1" 200 None
2021-10-22 16:43:59,001 - internetarchive.session - DEBUG - no metadata provided for "all-my-favorite-songs-001-weezer", retrieving now.
2021-10-22 16:43:59,016 - urllib3.connectionpool - DEBUG - Starting new HTTPS connection (1): archive.org:443
2021-10-22 16:43:59,730 - urllib3.connectionpool - DEBUG - https://archive.org:443 "GET /metadata/all-my-favorite-songs-001-weezer HTTP/1.1" 200 None
2021-10-22 16:43:59,733 - internetarchive.iarequest - DEBUG - submitting metadata request: {'-patch': '[]', '-target': 'metadata', 'priority': -5}
2021-10-22 16:43:59,736 - urllib3.connectionpool - DEBUG - Resetting dropped connection: archive.org
2021-10-22 16:44:00,568 - urllib3.connectionpool - DEBUG - https://archive.org:443 "POST /metadata/all-my-favorite-songs-001-weezer HTTP/1.1" 400 None
2021-10-22 16:44:00,573 - urllib3.connectionpool - DEBUG - Resetting dropped connection: archive.org
2021-10-22 16:44:01,266 - urllib3.connectionpool - DEBUG - https://archive.org:443 "GET /metadata/all-my-favorite-songs-001-weezer HTTP/1.1" 200 None
2021-10-22 16:46:55,325 - internetarchive.session - DEBUG - no metadata provided for "all-my-favorite-songs-003-drive-like-jehu", retrieving now.
2021-10-22 16:46:55,366 - urllib3.connectionpool - DEBUG - Starting new HTTPS connection (1): archive.org:443
2021-10-22 16:46:56,031 - urllib3.connectionpool - DEBUG - https://archive.org:443 "GET /metadata/all-my-favorite-songs-003-drive-like-jehu HTTP/1.1" 200 None
2021-10-22 16:46:56,035 - internetarchive.iarequest - DEBUG - submitting metadata request: {'-patch': '[{"op": "replace", "path": "/description", "value": "Drive Like Jehu was an American post-hardcore band from San Diego active from 1990 to 1995. It was formed by rhythm guitarist and vocalist Rick Froberg and lead guitarist John Reis, ex-members of Pitchfork, along with bassist Mike Kennedy and drummer Mark Trombino, both from Night Soil Man, after their two bands disbanded in 1990. Drive Like Jehu&#39;s music was characterized by passionate singing, unusual song structure, indirect melodic themes, intricate guitar playing, and calculated use of tension, resulting in a distinctive sound amongst other post-hardcore acts and helped to catalyze the evolution of hardcore punk into emo. &lt;br /&gt; In this episode all songs by bands selected by Drive Like Jehu to play All Tomorrow&#39;s Parties 2.0 April 22-24, 2016. &lt;br /&gt; &lt;br /&gt; Lineup: Hot Snakes, The Blind Shake, Mrs. Magician, Flamin&#39; Groovies, The King Khan &amp; BBQ Show, The Schizophonics, Metz, Mission Of Burma, The Gories, King Khan and the Shrines, The Spits, Rocket From The Crypt, Betunizer, The Monkeywrench, Holly Golightly, Dan Sartain, Martin Rev, Tortoise, The Ex, PyPy, Gary Wilson, Claw Hammer, Wau y Los Arrrghs "}]', '-target': 'metadata', 'priority': -5}
2021-10-22 16:46:56,038 - urllib3.connectionpool - DEBUG - Resetting dropped connection: archive.org
2021-10-22 16:46:56,849 - urllib3.connectionpool - DEBUG - https://archive.org:443 "POST /metadata/all-my-favorite-songs-003-drive-like-jehu HTTP/1.1" 200 None
2021-10-22 16:46:56,856 - urllib3.connectionpool - DEBUG - Resetting dropped connection: archive.org
2021-10-22 16:46:57,550 - urllib3.connectionpool - DEBUG - https://archive.org:443 "GET /metadata/all-my-favorite-songs-003-drive-like-jehu HTTP/1.1" 200 None
2021-10-22 16:46:58,336 - internetarchive.session - DEBUG - no metadata provided for "all-my-favorite-songs-002-dinosaur-jr", retrieving now.
2021-10-22 16:46:58,349 - urllib3.connectionpool - DEBUG - Starting new HTTPS connection (1): archive.org:443
2021-10-22 16:46:59,028 - urllib3.connectionpool - DEBUG - https://archive.org:443 "GET /metadata/all-my-favorite-songs-002-dinosaur-jr HTTP/1.1" 200 None
2021-10-22 16:46:59,032 - internetarchive.iarequest - DEBUG - submitting metadata request: {'-patch': '[{"op": "replace", "path": "/description", "value": "Dinosaur Jr. is an American rock band formed in Amherst, Massachusetts, in 1984, originally simply called Dinosaur until legal issues forced a change in name. The band was founded by J Mascis (guitar, vocals, primary songwriter), Lou Barlow (bass, vocals), and Murph (drums). After three albums on independent labels, the band earned a reputation as one of the formative influences on American alternative rock. Mascis&#39;s drawling vocals and distinct guitar sound, hearkening back to 1960s and 1970s classic rock and characterized by extensive use of feedback and distortion, were highly influential in the alternative rock movement of the 1990s. &lt;br /&gt; &lt;br /&gt; Lineup: Wipers, The Dream Syndicate, True West, The Jesus and Mary Chain, The Birthday Party, Throbbing Gristle, Venom, Accept, Saint Vitus, The Eastern Dark, The Neats, Green On Red, Meat Puppets "}]', '-target': 'metadata', 'priority': -5}
2021-10-22 16:46:59,035 - urllib3.connectionpool - DEBUG - Resetting dropped connection: archive.org
2021-10-22 16:46:59,848 - urllib3.connectionpool - DEBUG - https://archive.org:443 "POST /metadata/all-my-favorite-songs-002-dinosaur-jr HTTP/1.1" 200 None
2021-10-22 16:46:59,855 - urllib3.connectionpool - DEBUG - Resetting dropped connection: archive.org
2021-10-22 16:47:00,541 - urllib3.connectionpool - DEBUG - https://archive.org:443 "GET /metadata/all-my-favorite-songs-002-dinosaur-jr HTTP/1.1" 200 None
2021-10-22 16:47:01,300 - internetarchive.session - DEBUG - no metadata provided for "all-my-favorite-songs-001-weezer", retrieving now.
2021-10-22 16:47:01,313 - urllib3.connectionpool - DEBUG - Starting new HTTPS connection (1): archive.org:443
2021-10-22 16:47:02,004 - urllib3.connectionpool - DEBUG - https://archive.org:443 "GET /metadata/all-my-favorite-songs-001-weezer HTTP/1.1" 200 None
2021-10-22 16:47:02,008 - internetarchive.iarequest - DEBUG - submitting metadata request: {'-patch': '[{"op": "replace", "path": "/description", "value": "Weezer is an American rock band formed in Los Angeles, California, in 1992. Since 2001, the band has consisted of Rivers Cuomo (lead vocals, lead guitar, keyboards), Patrick Wilson (drums, percussion, backing vocals), Brian Bell (guitar, backing vocals, keyboards), and Scott Shriner (bass, backing vocals, keyboards). &lt;br /&gt; &lt;br /&gt; Lineup: Neil Young, REO Speedwagon, Johnny Cash, Toni Braxton, Yeah Yeah Yeahs, C\\u00e9line Dion, Sin\\u00e9ad O&#39;Connor "}]', '-target': 'metadata', 'priority': -5}
2021-10-22 16:47:02,060 - urllib3.connectionpool - DEBUG - Resetting dropped connection: archive.org
2021-10-22 16:47:02,805 - urllib3.connectionpool - DEBUG - https://archive.org:443 "POST /metadata/all-my-favorite-songs-001-weezer HTTP/1.1" 200 None
2021-10-22 16:47:02,813 - urllib3.connectionpool - DEBUG - Resetting dropped connection: archive.org
2021-10-22 16:47:03,504 - urllib3.connectionpool - DEBUG - https://archive.org:443 "GET /metadata/all-my-favorite-songs-001-weezer HTTP/1.1" 200 None
2021-10-22 16:49:22,745 - internetarchive.session - DEBUG - no metadata provided for "all-my-favorite-songs-003-drive-like-jehu", retrieving now.
2021-10-22 16:49:22,758 - urllib3.connectionpool - DEBUG - Starting new HTTPS connection (1): archive.org:443
2021-10-22 16:49:23,426 - urllib3.connectionpool - DEBUG - https://archive.org:443 "GET /metadata/all-my-favorite-songs-003-drive-like-jehu HTTP/1.1" 200 None
2021-10-22 16:49:23,429 - internetarchive.iarequest - DEBUG - submitting metadata request: {'-patch': '[{"op": "replace", "path": "/description", "value": "Drive Like Jehu was an American post-hardcore band from San Diego active from 1990 to 1995. It was formed by rhythm guitarist and vocalist Rick Froberg and lead guitarist John Reis, ex-members of Pitchfork, along with bassist Mike Kennedy and drummer Mark Trombino, both from Night Soil Man, after their two bands disbanded in 1990. Drive Like Jehu&#39;s music was characterized by passionate singing, unusual song structure, indirect melodic themes, intricate guitar playing, and calculated use of tension, resulting in a distinctive sound amongst other post-hardcore acts and helped to catalyze the evolution of hardcore punk into emo. &lt;br /&gt; In this episode all songs by bands selected by Drive Like Jehu to play All Tomorrow&#39;s Parties 2.0 April 22-24, 2016. &lt;br /&gt; &lt;br /&gt; Lineup: Hot Snakes, The Blind Shake, Mrs. Magician, Flamin&#39; Groovies, The King Khan &amp; BBQ Show, The Schizophonics, Metz, Mission Of Burma, The Gories, King Khan and the Shrines, The Spits, Rocket From The Crypt, Betunizer, The Monkeywrench, Holly Golightly, Dan Sartain, Martin Rev, Tortoise, The Ex, PyPy, Gary Wilson, Claw Hammer, Wau y Los Arrrghs "}, {"op": "replace", "path": "/date", "value": "2021-10-21"}]', '-target': 'metadata', 'priority': -5}
2021-10-22 16:49:23,432 - urllib3.connectionpool - DEBUG - Resetting dropped connection: archive.org
2021-10-22 16:49:24,200 - urllib3.connectionpool - DEBUG - https://archive.org:443 "POST /metadata/all-my-favorite-songs-003-drive-like-jehu HTTP/1.1" 200 None
2021-10-22 16:49:24,208 - urllib3.connectionpool - DEBUG - Resetting dropped connection: archive.org
2021-10-22 16:49:24,899 - urllib3.connectionpool - DEBUG - https://archive.org:443 "GET /metadata/all-my-favorite-songs-003-drive-like-jehu HTTP/1.1" 200 None
2021-10-22 16:49:25,654 - internetarchive.session - DEBUG - no metadata provided for "all-my-favorite-songs-002-dinosaur-jr", retrieving now.
2021-10-22 16:49:25,666 - urllib3.connectionpool - DEBUG - Starting new HTTPS connection (1): archive.org:443
2021-10-22 16:49:26,325 - urllib3.connectionpool - DEBUG - https://archive.org:443 "GET /metadata/all-my-favorite-songs-002-dinosaur-jr HTTP/1.1" 200 None
2021-10-22 16:49:26,329 - internetarchive.iarequest - DEBUG - submitting metadata request: {'-patch': '[{"op": "replace", "path": "/description", "value": "Dinosaur Jr. is an American rock band formed in Amherst, Massachusetts, in 1984, originally simply called Dinosaur until legal issues forced a change in name. The band was founded by J Mascis (guitar, vocals, primary songwriter), Lou Barlow (bass, vocals), and Murph (drums). After three albums on independent labels, the band earned a reputation as one of the formative influences on American alternative rock. Mascis&#39;s drawling vocals and distinct guitar sound, hearkening back to 1960s and 1970s classic rock and characterized by extensive use of feedback and distortion, were highly influential in the alternative rock movement of the 1990s. &lt;br /&gt; &lt;br /&gt; Lineup: Wipers, The Dream Syndicate, True West, The Jesus and Mary Chain, The Birthday Party, Throbbing Gristle, Venom, Accept, Saint Vitus, The Eastern Dark, The Neats, Green On Red, Meat Puppets "}]', '-target': 'metadata', 'priority': -5}
2021-10-22 16:49:26,333 - urllib3.connectionpool - DEBUG - Resetting dropped connection: archive.org
2021-10-22 16:49:27,068 - urllib3.connectionpool - DEBUG - https://archive.org:443 "POST /metadata/all-my-favorite-songs-002-dinosaur-jr HTTP/1.1" 200 None
2021-10-22 16:49:27,075 - urllib3.connectionpool - DEBUG - Resetting dropped connection: archive.org
2021-10-22 16:49:27,758 - urllib3.connectionpool - DEBUG - https://archive.org:443 "GET /metadata/all-my-favorite-songs-002-dinosaur-jr HTTP/1.1" 200 None
2021-10-22 16:49:28,600 - internetarchive.session - DEBUG - no metadata provided for "all-my-favorite-songs-001-weezer", retrieving now.
2021-10-22 16:49:28,619 - urllib3.connectionpool - DEBUG - Starting new HTTPS connection (1): archive.org:443
2021-10-22 16:49:29,285 - urllib3.connectionpool - DEBUG - https://archive.org:443 "GET /metadata/all-my-favorite-songs-001-weezer HTTP/1.1" 200 None
2021-10-22 16:49:29,289 - internetarchive.iarequest - DEBUG - submitting metadata request: {'-patch': '[{"op": "replace", "path": "/description", "value": "Weezer is an American rock band formed in Los Angeles, California, in 1992. Since 2001, the band has consisted of Rivers Cuomo (lead vocals, lead guitar, keyboards), Patrick Wilson (drums, percussion, backing vocals), Brian Bell (guitar, backing vocals, keyboards), and Scott Shriner (bass, backing vocals, keyboards). &lt;br /&gt; &lt;br /&gt; Lineup: Neil Young, REO Speedwagon, Johnny Cash, Toni Braxton, Yeah Yeah Yeahs, C\\u00e9line Dion, Sin\\u00e9ad O&#39;Connor "}]', '-target': 'metadata', 'priority': -5}
2021-10-22 16:49:29,292 - urllib3.connectionpool - DEBUG - Resetting dropped connection: archive.org
2021-10-22 16:49:30,033 - urllib3.connectionpool - DEBUG - https://archive.org:443 "POST /metadata/all-my-favorite-songs-001-weezer HTTP/1.1" 200 None
2021-10-22 16:49:30,040 - urllib3.connectionpool - DEBUG - Resetting dropped connection: archive.org
2021-10-22 16:49:30,784 - urllib3.connectionpool - DEBUG - https://archive.org:443 "GET /metadata/all-my-favorite-songs-001-weezer HTTP/1.1" 200 None
